{"numFailedTestSuites":0,"numFailedTests":0,"numPassedTestSuites":19,"numPassedTests":291,"numPendingTestSuites":0,"numPendingTests":0,"numRuntimeErrorTestSuites":0,"numTodoTests":8,"numTotalTestSuites":19,"numTotalTests":299,"openHandles":[],"snapshot":{"added":0,"didUpdate":false,"failure":false,"filesAdded":0,"filesRemoved":0,"filesRemovedList":[],"filesUnmatched":0,"filesUpdated":0,"matched":0,"total":0,"unchecked":0,"uncheckedKeysByFile":[],"unmatched":0,"updated":0},"startTime":1789316336198,"success":true,"testResults":[{"assertionResults":[{"ancestorTitles":[],"duration":2,"failureDetails":[],"failureMessages":[],"fullName":"required fields produce three inline errors","invocations":1,"location":null,"numPassingAsserts":1,"retryReasons":[],"status":"passed","title":"required fields produce three inline errors"},{"ancestorTitles":[],"duration":455,"failureDetails":[],"failureMessages":[],"fullName":"missing evidence/location/address disables Continue and blocks handler","invocations":1,"location":null,"numPassingAsserts":3,"retryReasons":[],"status":"passed","title":"missing evidence/location/address disables Continue and blocks handler"},{"ancestorTitles":[],"duration":8,"failureDetails":[],"failureMessages":[],"fullName":"valid fields enable Continue and preserve coordinates","invocations":1,"location":null,"numPassingAsserts":3,"retryReasons":[],"status":"passed","title":"valid fields enable Continue and preserve coordinates"},{"ancestorTitles":[],"duration":15,"failureDetails":[],"failureMessages":[],"fullName":"camera denied offers Open Settings recovery","invocations":1,"location":null,"numPassingAsserts":3,"retryReasons":[],"status":"passed","title":"camera denied offers Open Settings recovery"},{"ancestorTitles":[],"duration":12,"failureDetails":[],"failureMessages":[],"fullName":"demo continues with bundled synthetic data and no real capture","invocations":1,"location":null,"numPassingAsserts":2,"retryReasons":[],"status":"passed","title":"demo continues with bundled synthetic data and no real capture"},{"ancestorTitles":[],"duration":0,"failureDetails":[],"failureMessages":[],"fullName":"invalid coordinates block submit {\"latitude\":null,\"longitude\":0}","invocations":1,"location":null,"numPassingAsserts":1,"retryReasons":[],"status":"passed","title":"invalid coordinates block submit {\"latitude\":null,\"longitude\":0}"},{"ancestorTitles":[],"duration":0,"failureDetails":[],"failureMessages":[],"fullName":"invalid coordinates block submit {\"latitude\":91,\"longitude\":0}","invocations":1,"location":null,"numPassingAsserts":1,"retryReasons":[],"status":"passed","title":"invalid coordinates block submit {\"latitude\":91,\"longitude\":0}"},{"ancestorTitles":[],"duration":0,"failureDetails":[],"failureMessages":[],"fullName":"invalid coordinates block submit {\"latitude\":0,\"longitude\":181}","invocations":1,"location":null,"numPassingAsserts":1,"retryReasons":[],"status":"passed","title":"invalid coordinates block submit {\"latitude\":0,\"longitude\":181}"}],"endTime":1789316337568,"message":"","name":"D:\\Traffic_Eye\\src\\screens\\citizen\\__tests__\\NewReport.test.js","startTime":1789316336468,"status":"passed","summary":""},{"assertionResults":[{"ancestorTitles":[],"duration":49,"failureDetails":[],"failureMessages":[],"fullName":"mounts, starts animation loops and passes the exact URI to analysis","invocations":1,"location":null,"numPassingAsserts":7,"retryReasons":[],"status":"passed","title":"mounts, starts animation loops and passes the exact URI to analysis"},{"ancestorTitles":[],"duration":5,"failureDetails":[],"failureMessages":[],"fullName":"failed activity validation blocks all AI and navigation","invocations":1,"location":null,"numPassingAsserts":5,"retryReasons":[],"status":"passed","title":"failed activity validation blocks all AI and navigation"},{"ancestorTitles":[],"duration":6,"failureDetails":[],"failureMessages":[],"fullName":"indeterminate duplicate lookup does not advance","invocations":1,"location":null,"numPassingAsserts":4,"retryReasons":[],"status":"passed","title":"indeterminate duplicate lookup does not advance"},{"ancestorTitles":[],"duration":11,"failureDetails":[],"failureMessages":[],"fullName":"AI unavailable can be explicitly confirmed for manual review","invocations":1,"location":null,"numPassingAsserts":4,"retryReasons":[],"status":"passed","title":"AI unavailable can be explicitly confirmed for manual review"},{"ancestorTitles":[],"duration":11,"failureDetails":[],"failureMessages":[],"fullName":"retry after failure completes a new analysis once","invocations":1,"location":null,"numPassingAsserts":4,"retryReasons":[],"status":"passed","title":"retry after failure completes a new analysis once"},{"ancestorTitles":[],"duration":4,"failureDetails":[],"failureMessages":[],"fullName":"unmount aborts an active analysis and suppresses stale navigation","invocations":1,"location":null,"numPassingAsserts":4,"retryReasons":[],"status":"passed","title":"unmount aborts an active analysis and suppresses stale navigation"},{"ancestorTitles":[],"duration":1,"failureDetails":[],"failureMessages":[],"fullName":"five visual stages map actual pipeline events in order","invocations":1,"location":null,"numPassingAsserts":2,"retryReasons":[],"status":"passed","title":"five visual stages map actual pipeline events in order"}],"endTime":1789316337763,"message":"","name":"D:\\Traffic_Eye\\src\\screens\\shared\\__tests__\\AIProcessing.test.js","startTime":1789316337582,"status":"passed","summary":""},{"assertionResults":[{"ancestorTitles":[],"duration":10,"failureDetails":[],"failureMessages":[],"fullName":"authenticated request with no provider keys returns typed NOT_CONFIGURED without spending or reserving","invocations":1,"location":null,"numPassingAsserts":5,"retryReasons":[],"status":"passed","title":"authenticated request with no provider keys returns typed NOT_CONFIGURED without spending or reserving"},{"ancestorTitles":[],"duration":0,"failureDetails":[],"failureMessages":[],"fullName":"missing bearer identity is rejected even when provider is unconfigured ()","invocations":1,"location":null,"numPassingAsserts":3,"retryReasons":[],"status":"passed","title":"missing bearer identity is rejected even when provider is unconfigured ()"},{"ancestorTitles":[],"duration":0,"failureDetails":[],"failureMessages":[],"fullName":"missing bearer identity is rejected even when provider is unconfigured (Basic test)","invocations":1,"location":null,"numPassingAsserts":3,"retryReasons":[],"status":"passed","title":"missing bearer identity is rejected even when provider is unconfigured (Basic test)"},{"ancestorTitles":[],"duration":1,"failureDetails":[],"failureMessages":[],"fullName":"invalid or anonymous Supabase identity cannot use the proxy","invocations":1,"location":null,"numPassingAsserts":3,"retryReasons":[],"status":"passed","title":"invalid or anonymous Supabase identity cannot use the proxy"},{"ancestorTitles":[],"duration":0,"failureDetails":[],"failureMessages":[],"fullName":"invalid or anonymous Supabase identity cannot use the proxy","invocations":1,"location":null,"numPassingAsserts":3,"retryReasons":[],"status":"passed","title":"invalid or anonymous Supabase identity cannot use the proxy"},{"ancestorTitles":[],"duration":1,"failureDetails":[],"failureMessages":[],"fullName":"verified Supabase identity owns the reservation; body IDs/provider settings cannot select it","invocations":1,"location":null,"numPassingAsserts":5,"retryReasons":[],"status":"passed","title":"verified Supabase identity owns the reservation; body IDs/provider settings cannot select it"},{"ancestorTitles":[],"duration":1,"failureDetails":[],"failureMessages":[],"fullName":"quota exhaustion/unavailable ledger blocks providers","invocations":1,"location":null,"numPassingAsserts":3,"retryReasons":[],"status":"passed","title":"quota exhaustion/unavailable ledger blocks providers"},{"ancestorTitles":[],"duration":1,"failureDetails":[],"failureMessages":[],"fullName":"quota exhaustion/unavailable ledger blocks providers","invocations":1,"location":null,"numPassingAsserts":3,"retryReasons":[],"status":"passed","title":"quota exhaustion/unavailable ledger blocks providers"},{"ancestorTitles":[],"duration":0,"failureDetails":[],"failureMessages":[],"fullName":"quota exhaustion/unavailable ledger blocks providers","invocations":1,"location":null,"numPassingAsserts":3,"retryReasons":[],"status":"passed","title":"quota exhaustion/unavailable ledger blocks providers"},{"ancestorTitles":[],"duration":1,"failureDetails":[],"failureMessages":[],"fullName":"failed completion write produces INTERNAL and leaves the reservation counted","invocations":1,"location":null,"numPassingAsserts":3,"retryReasons":[],"status":"passed","title":"failed completion write produces INTERNAL and leaves the reservation counted"},{"ancestorTitles":[],"duration":1,"failureDetails":[],"failureMessages":[],"fullName":"provider error records metrics but never exposes upstream messages/bodies in response or logs","invocations":1,"location":null,"numPassingAsserts":4,"retryReasons":[],"status":"passed","title":"provider error records metrics but never exposes upstream messages/bodies in response or logs"},{"ancestorTitles":[],"duration":1,"failureDetails":[],"failureMessages":[],"fullName":"unexpected SDK failure returns a sanitized typed error","invocations":1,"location":null,"numPassingAsserts":2,"retryReasons":[],"status":"passed","title":"unexpected SDK failure returns a sanitized typed error"},{"ancestorTitles":[],"duration":0,"failureDetails":[],"failureMessages":[],"fullName":"rejects malformed stage inputs before quota or provider calls","invocations":1,"location":null,"numPassingAsserts":3,"retryReasons":[],"status":"passed","title":"rejects malformed stage inputs before quota or provider calls"},{"ancestorTitles":[],"duration":1,"failureDetails":[],"failureMessages":[],"fullName":"rejects malformed stage inputs before quota or provider calls","invocations":1,"location":null,"numPassingAsserts":3,"retryReasons":[],"status":"passed","title":"rejects malformed stage inputs before quota or provider calls"},{"ancestorTitles":[],"duration":0,"failureDetails":[],"failureMessages":[],"fullName":"rejects malformed stage inputs before quota or provider calls","invocations":1,"location":null,"numPassingAsserts":3,"retryReasons":[],"status":"passed","title":"rejects malformed stage inputs before quota or provider calls"},{"ancestorTitles":[],"duration":0,"failureDetails":[],"failureMessages":[],"fullName":"rejects malformed stage inputs before quota or provider calls","invocations":1,"location":null,"numPassingAsserts":3,"retryReasons":[],"status":"passed","title":"rejects malformed stage inputs before quota or provider calls"},{"ancestorTitles":[],"duration":1,"failureDetails":[],"failureMessages":[],"fullName":"rejects malformed stage inputs before quota or provider calls","invocations":1,"location":null,"numPassingAsserts":3,"retryReasons":[],"status":"passed","title":"rejects malformed stage inputs before quota or provider calls"},{"ancestorTitles":[],"duration":29,"failureDetails":[],"failureMessages":[],"fullName":"rejects an oversized streaming body without relying on Content-Length","invocations":1,"location":null,"numPassingAsserts":2,"retryReasons":[],"status":"passed","title":"rejects an oversized streaming body without relying on Content-Length"},{"ancestorTitles":[],"duration":1,"failureDetails":[],"failureMessages":[],"fullName":"requires JSON content type and handles malformed JSON safely","invocations":1,"location":null,"numPassingAsserts":2,"retryReasons":[],"status":"passed","title":"requires JSON content type and handles malformed JSON safely"},{"ancestorTitles":[],"duration":8,"failureDetails":[],"failureMessages":[],"fullName":"preflight and method errors do not invoke auth/providers","invocations":1,"location":null,"numPassingAsserts":3,"retryReasons":[],"status":"passed","title":"preflight and method errors do not invoke auth/providers"}],"endTime":1789316337926,"message":"","name":"D:\\Traffic_Eye\\tests\\ai\\handler.test.ts","startTime":1789316337770,"status":"passed","summary":""},{"assertionResults":[{"ancestorTitles":[],"duration":51,"failureDetails":[],"failureMessages":[],"fullName":"native hard limit is 15 seconds and countdown auto-stops once","invocations":1,"location":null,"numPassingAsserts":4,"retryReasons":[],"status":"passed","title":"native hard limit is 15 seconds and countdown auto-stops once"},{"ancestorTitles":[],"duration":6,"failureDetails":[],"failureMessages":[],"fullName":"manual stop returns evidence; retake starts at 15","invocations":1,"location":null,"numPassingAsserts":2,"retryReasons":[],"status":"passed","title":"manual stop returns evidence; retake starts at 15"},{"ancestorTitles":[],"duration":4,"failureDetails":[],"failureMessages":[],"fullName":"cancel discards late camera result","invocations":1,"location":null,"numPassingAsserts":2,"retryReasons":[],"status":"passed","title":"cancel discards late camera result"},{"ancestorTitles":[],"duration":3,"failureDetails":[],"failureMessages":[],"fullName":"unmount stops recorder and timer without late callbacks","invocations":1,"location":null,"numPassingAsserts":2,"retryReasons":[],"status":"passed","title":"unmount stops recorder and timer without late callbacks"},{"ancestorTitles":[],"duration":0,"failureDetails":[],"failureMessages":[],"fullName":"MOV is not mislabeled MP4","invocations":1,"location":null,"numPassingAsserts":1,"retryReasons":[],"status":"passed","title":"MOV is not mislabeled MP4"}],"endTime":1789316338064,"message":"","name":"D:\\Traffic_Eye\\src\\screens\\citizen\\__tests__\\VideoReport.test.js","startTime":1789316337934,"status":"passed","summary":""},{"assertionResults":[{"ancestorTitles":[],"duration":40,"failureDetails":[],"failureMessages":[],"fullName":"render failure is recoverable and private (development=true)","invocations":1,"location":null,"numPassingAsserts":5,"retryReasons":[],"status":"passed","title":"render failure is recoverable and private (development=true)"},{"ancestorTitles":[],"duration":3,"failureDetails":[],"failureMessages":[],"fullName":"render failure is recoverable and private (development=false)","invocations":1,"location":null,"numPassingAsserts":6,"retryReasons":[],"status":"passed","title":"render failure is recoverable and private (development=false)"}],"endTime":1789316338179,"message":"","name":"D:\\Traffic_Eye\\src\\components\\common\\__tests__\\ErrorBoundary.test.js","startTime":1789316338069,"status":"passed","summary":""},{"assertionResults":[{"ancestorTitles":["fail-closed activity validation"],"duration":2,"failureDetails":[],"failureMessages":[],"fullName":"fail-closed activity validation blocks malformed rows/count: null / null","invocations":1,"location":null,"numPassingAsserts":1,"retryReasons":[],"status":"passed","title":"blocks malformed rows/count: null / null"},{"ancestorTitles":["fail-closed activity validation"],"duration":0,"failureDetails":[],"failureMessages":[],"fullName":"fail-closed activity validation blocks malformed rows/count: null / 0","invocations":1,"location":null,"numPassingAsserts":1,"retryReasons":[],"status":"passed","title":"blocks malformed rows/count: null / 0"},{"ancestorTitles":["fail-closed activity validation"],"duration":0,"failureDetails":[],"failureMessages":[],"fullName":"fail-closed activity validation blocks malformed rows/count: [] / null","invocations":1,"location":null,"numPassingAsserts":1,"retryReasons":[],"status":"passed","title":"blocks malformed rows/count: [] / null"},{"ancestorTitles":["fail-closed activity validation"],"duration":1,"failureDetails":[],"failureMessages":[],"fullName":"fail-closed activity validation blocks malformed rows/count: [] / -1","invocations":1,"location":null,"numPassingAsserts":1,"retryReasons":[],"status":"passed","title":"blocks malformed rows/count: [] / -1"},{"ancestorTitles":["fail-closed activity validation"],"duration":0,"failureDetails":[],"failureMessages":[],"fullName":"fail-closed activity validation blocks malformed rows/count: [] / null","invocations":1,"location":null,"numPassingAsserts":1,"retryReasons":[],"status":"passed","title":"blocks malformed rows/count: [] / null"},{"ancestorTitles":["fail-closed activity validation"],"duration":0,"failureDetails":[],"failureMessages":[],"fullName":"fail-closed activity validation blocks malformed rows/count: [] / \"0\"","invocations":1,"location":null,"numPassingAsserts":1,"retryReasons":[],"status":"passed","title":"blocks malformed rows/count: [] / \"0\""},{"ancestorTitles":["fail-closed activity validation"],"duration":0,"failureDetails":[],"failureMessages":[],"fullName":"fail-closed activity validation blocks malformed rows/count: {} / 0","invocations":1,"location":null,"numPassingAsserts":1,"retryReasons":[],"status":"passed","title":"blocks malformed rows/count: {} / 0"},{"ancestorTitles":["fail-closed activity validation"],"duration":1,"failureDetails":[],"failureMessages":[],"fullName":"fail-closed activity validation allows a verified zero count","invocations":1,"location":null,"numPassingAsserts":1,"retryReasons":[],"status":"passed","title":"allows a verified zero count"},{"ancestorTitles":["fail-closed activity validation"],"duration":0,"failureDetails":[],"failureMessages":[],"fullName":"fail-closed activity validation blocks a known limit even when no timestamp row is returned","invocations":1,"location":null,"numPassingAsserts":1,"retryReasons":[],"status":"passed","title":"blocks a known limit even when no timestamp row is returned"},{"ancestorTitles":["fail-closed activity validation"],"duration":0,"failureDetails":[],"failureMessages":[],"fullName":"fail-closed activity validation returns a bounded reset window for the oldest report","invocations":1,"location":null,"numPassingAsserts":1,"retryReasons":[],"status":"passed","title":"returns a bounded reset window for the oldest report"},{"ancestorTitles":["fail-closed activity validation"],"duration":0,"failureDetails":[],"failureMessages":[],"fullName":"fail-closed activity validation blocks returned/thrown failures (false) without logging detail","invocations":1,"location":null,"numPassingAsserts":2,"retryReasons":[],"status":"passed","title":"blocks returned/thrown failures (false) without logging detail"},{"ancestorTitles":["fail-closed activity validation"],"duration":1,"failureDetails":[],"failureMessages":[],"fullName":"fail-closed activity validation blocks returned/thrown failures (true) without logging detail","invocations":1,"location":null,"numPassingAsserts":2,"retryReasons":[],"status":"passed","title":"blocks returned/thrown failures (true) without logging detail"},{"ancestorTitles":["fail-closed activity validation"],"duration":0,"failureDetails":[],"failureMessages":[],"fullName":"fail-closed activity validation missing identity makes no request","invocations":1,"location":null,"numPassingAsserts":2,"retryReasons":[],"status":"passed","title":"missing identity makes no request"},{"ancestorTitles":["duplicate validation"],"duration":0,"failureDetails":[],"failureMessages":[],"fullName":"duplicate validation blocks indeterminate RPC data null","invocations":1,"location":null,"numPassingAsserts":1,"retryReasons":[],"status":"passed","title":"blocks indeterminate RPC data null"},{"ancestorTitles":["duplicate validation"],"duration":1,"failureDetails":[],"failureMessages":[],"fullName":"duplicate validation blocks indeterminate RPC data undefined","invocations":1,"location":null,"numPassingAsserts":1,"retryReasons":[],"status":"passed","title":"blocks indeterminate RPC data undefined"},{"ancestorTitles":["duplicate validation"],"duration":0,"failureDetails":[],"failureMessages":[],"fullName":"duplicate validation blocks indeterminate RPC data {}","invocations":1,"location":null,"numPassingAsserts":1,"retryReasons":[],"status":"passed","title":"blocks indeterminate RPC data {}"},{"ancestorTitles":["duplicate validation"],"duration":0,"failureDetails":[],"failureMessages":[],"fullName":"duplicate validation blocks indeterminate RPC data []","invocations":1,"location":null,"numPassingAsserts":1,"retryReasons":[],"status":"passed","title":"blocks indeterminate RPC data []"},{"ancestorTitles":["duplicate validation"],"duration":0,"failureDetails":[],"failureMessages":[],"fullName":"duplicate validation blocks indeterminate RPC data {\"is_duplicate\":\"false\"}","invocations":1,"location":null,"numPassingAsserts":1,"retryReasons":[],"status":"passed","title":"blocks indeterminate RPC data {\"is_duplicate\":\"false\"}"},{"ancestorTitles":["duplicate validation"],"duration":0,"failureDetails":[],"failureMessages":[],"fullName":"duplicate validation blocks indeterminate RPC data {\"is_duplicate\":true}","invocations":1,"location":null,"numPassingAsserts":1,"retryReasons":[],"status":"passed","title":"blocks indeterminate RPC data {\"is_duplicate\":true}"},{"ancestorTitles":["duplicate validation"],"duration":0,"failureDetails":[],"failureMessages":[],"fullName":"duplicate validation normalizes plate and returns a confirmed match","invocations":1,"location":null,"numPassingAsserts":2,"retryReasons":[],"status":"passed","title":"normalizes plate and returns a confirmed match"},{"ancestorTitles":["duplicate validation"],"duration":1,"failureDetails":[],"failureMessages":[],"fullName":"duplicate validation returns verified nonduplicate","invocations":1,"location":null,"numPassingAsserts":1,"retryReasons":[],"status":"passed","title":"returns verified nonduplicate"},{"ancestorTitles":["duplicate validation"],"duration":0,"failureDetails":[],"failureMessages":[],"fullName":"duplicate validation no fabricated plate for null","invocations":1,"location":null,"numPassingAsserts":2,"retryReasons":[],"status":"passed","title":"no fabricated plate for null"},{"ancestorTitles":["duplicate validation"],"duration":0,"failureDetails":[],"failureMessages":[],"fullName":"duplicate validation no fabricated plate for ","invocations":1,"location":null,"numPassingAsserts":2,"retryReasons":[],"status":"passed","title":"no fabricated plate for "},{"ancestorTitles":["duplicate validation"],"duration":0,"failureDetails":[],"failureMessages":[],"fullName":"duplicate validation no fabricated plate for Not detected","invocations":1,"location":null,"numPassingAsserts":2,"retryReasons":[],"status":"passed","title":"no fabricated plate for Not detected"},{"ancestorTitles":["duplicate validation"],"duration":0,"failureDetails":[],"failureMessages":[],"fullName":"duplicate validation no fabricated plate for Not applicable","invocations":1,"location":null,"numPassingAsserts":2,"retryReasons":[],"status":"passed","title":"no fabricated plate for Not applicable"},{"ancestorTitles":["duplicate validation"],"duration":0,"failureDetails":[],"failureMessages":[],"fullName":"duplicate validation no fabricated plate for PLATE_NOT_READABLE","invocations":1,"location":null,"numPassingAsserts":2,"retryReasons":[],"status":"passed","title":"no fabricated plate for PLATE_NOT_READABLE"},{"ancestorTitles":["duplicate validation"],"duration":1,"failureDetails":[],"failureMessages":[],"fullName":"duplicate validation no fabricated plate for N/A","invocations":1,"location":null,"numPassingAsserts":2,"retryReasons":[],"status":"passed","title":"no fabricated plate for N/A"},{"ancestorTitles":["duplicate validation"],"duration":0,"failureDetails":[],"failureMessages":[],"fullName":"duplicate validation fails closed on RPC errors (false)","invocations":1,"location":null,"numPassingAsserts":2,"retryReasons":[],"status":"passed","title":"fails closed on RPC errors (false)"},{"ancestorTitles":["duplicate validation"],"duration":0,"failureDetails":[],"failureMessages":[],"fullName":"duplicate validation fails closed on RPC errors (true)","invocations":1,"location":null,"numPassingAsserts":2,"retryReasons":[],"status":"passed","title":"fails closed on RPC errors (true)"},{"ancestorTitles":["duplicate validation"],"duration":0,"failureDetails":[],"failureMessages":[],"fullName":"duplicate validation malformed plate types are indeterminate","invocations":1,"location":null,"numPassingAsserts":1,"retryReasons":[],"status":"passed","title":"malformed plate types are indeterminate"},{"ancestorTitles":["canonical submission"],"duration":2,"failureDetails":[],"failureMessages":[],"fullName":"canonical submission validates before upload, normalizes final plate and strips privileged workflow input","invocations":1,"location":null,"numPassingAsserts":7,"retryReasons":[],"status":"passed","title":"validates before upload, normalizes final plate and strips privileged workflow input"},{"ancestorTitles":["canonical submission"],"duration":1,"failureDetails":[],"failureMessages":[],"fullName":"canonical submission rejects invalid inputs before I/O: {\"userId\":null}","invocations":1,"location":null,"numPassingAsserts":3,"retryReasons":[],"status":"passed","title":"rejects invalid inputs before I/O: {\"userId\":null}"},{"ancestorTitles":["canonical submission"],"duration":0,"failureDetails":[],"failureMessages":[],"fullName":"canonical submission rejects invalid inputs before I/O: {\"report\":null}","invocations":1,"location":null,"numPassingAsserts":3,"retryReasons":[],"status":"passed","title":"rejects invalid inputs before I/O: {\"report\":null}"},{"ancestorTitles":["canonical submission"],"duration":0,"failureDetails":[],"failureMessages":[],"fullName":"canonical submission rejects invalid inputs before I/O: {\"report\":[]}","invocations":1,"location":null,"numPassingAsserts":3,"retryReasons":[],"status":"passed","title":"rejects invalid inputs before I/O: {\"report\":[]}"},{"ancestorTitles":["canonical submission"],"duration":0,"failureDetails":[],"failureMessages":[],"fullName":"canonical submission rejects invalid inputs before I/O: {\"report\":{\"violation_type\":\"No Helmet\",\"vehicle_number\":\"MH 12 AB 1234\",\"latitude\":null,\"longitude\":72.85,\"severity\":\"high\"}}","invocations":1,"location":null,"numPassingAsserts":3,"retryReasons":[],"status":"passed","title":"rejects invalid inputs before I/O: {\"report\":{\"violation_type\":\"No Helmet\",\"vehicle_number\":\"MH 12 AB 1234\",\"latitude\":null,\"longitude\":72.85,\"severity\":\"high\"}}"},{"ancestorTitles":["canonical submission"],"duration":0,"failureDetails":[],"failureMessages":[],"fullName":"canonical submission rejects invalid inputs before I/O: {\"report\":{\"violation_type\":\"No Helmet\",\"vehicle_number\":\"MH 12 AB 1234\",\"latitude\":19.08,\"longitude\":181,\"severity\":\"high\"}}","invocations":1,"location":null,"numPassingAsserts":3,"retryReasons":[],"status":"passed","title":"rejects invalid inputs before I/O: {\"report\":{\"violation_type\":\"No Helmet\",\"vehicle_number\":\"MH 12 AB 1234\",\"latitude\":19.08,\"longitude\":181,\"severity\":\"high\"}}"},{"ancestorTitles":["canonical submission"],"duration":1,"failureDetails":[],"failureMessages":[],"fullName":"canonical submission rejects invalid inputs before I/O: {\"report\":{\"violation_type\":\"\",\"vehicle_number\":\"MH 12 AB 1234\",\"latitude\":19.08,\"longitude\":72.85,\"severity\":\"high\"}}","invocations":1,"location":null,"numPassingAsserts":3,"retryReasons":[],"status":"passed","title":"rejects invalid inputs before I/O: {\"report\":{\"violation_type\":\"\",\"vehicle_number\":\"MH 12 AB 1234\",\"latitude\":19.08,\"longitude\":72.85,\"severity\":\"high\"}}"},{"ancestorTitles":["canonical submission"],"duration":0,"failureDetails":[],"failureMessages":[],"fullName":"canonical submission rejects invalid inputs before I/O: {\"media\":null}","invocations":1,"location":null,"numPassingAsserts":3,"retryReasons":[],"status":"passed","title":"rejects invalid inputs before I/O: {\"media\":null}"},{"ancestorTitles":["canonical submission"],"duration":0,"failureDetails":[],"failureMessages":[],"fullName":"canonical submission rejects invalid inputs before I/O: {\"media\":{\"uri\":\"file:///a.gif\",\"mimeType\":\"image/gif\"}}","invocations":1,"location":null,"numPassingAsserts":3,"retryReasons":[],"status":"passed","title":"rejects invalid inputs before I/O: {\"media\":{\"uri\":\"file:///a.gif\",\"mimeType\":\"image/gif\"}}"},{"ancestorTitles":["canonical submission"],"duration":0,"failureDetails":[],"failureMessages":[],"fullName":"canonical submission rejects invalid inputs before I/O: {\"media\":{\"uri\":\"file:///synthetic.jpg?access=synthetic\",\"mimeType\":\"video/mp4\",\"fileType\":\"image\"}}","invocations":1,"location":null,"numPassingAsserts":3,"retryReasons":[],"status":"passed","title":"rejects invalid inputs before I/O: {\"media\":{\"uri\":\"file:///synthetic.jpg?access=synthetic\",\"mimeType\":\"video/mp4\",\"fileType\":\"image\"}}"},{"ancestorTitles":["canonical submission"],"duration":0,"failureDetails":[],"failureMessages":[],"fullName":"canonical submission blocks rate-limit failure before uploading","invocations":1,"location":null,"numPassingAsserts":2,"retryReasons":[],"status":"passed","title":"blocks rate-limit failure before uploading"},{"ancestorTitles":["canonical submission"],"duration":0,"failureDetails":[],"failureMessages":[],"fullName":"canonical submission blocks duplicate-check failure even for manual-review reports","invocations":1,"location":null,"numPassingAsserts":2,"retryReasons":[],"status":"passed","title":"blocks duplicate-check failure even for manual-review reports"},{"ancestorTitles":["canonical submission"],"duration":0,"failureDetails":[],"failureMessages":[],"fullName":"canonical submission preserves confirmed possible-duplicate officer review behavior","invocations":1,"location":null,"numPassingAsserts":2,"retryReasons":[],"status":"passed","title":"preserves confirmed possible-duplicate officer review behavior"},{"ancestorTitles":["canonical submission"],"duration":1,"failureDetails":[],"failureMessages":[],"fullName":"canonical submission upload rejection creates no report","invocations":1,"location":null,"numPassingAsserts":3,"retryReasons":[],"status":"passed","title":"upload rejection creates no report"},{"ancestorTitles":["canonical submission"],"duration":1,"failureDetails":[],"failureMessages":[],"fullName":"canonical submission definite SQL rejection cleans up the orphan and permits retry","invocations":1,"location":null,"numPassingAsserts":4,"retryReasons":[],"status":"passed","title":"definite SQL rejection cleans up the orphan and permits retry"},{"ancestorTitles":["canonical submission"],"duration":0,"failureDetails":[],"failureMessages":[],"fullName":"canonical submission lost insert response (false) is reconciled without reupload or deletion","invocations":1,"location":null,"numPassingAsserts":6,"retryReasons":[],"status":"passed","title":"lost insert response (false) is reconciled without reupload or deletion"},{"ancestorTitles":["canonical submission"],"duration":1,"failureDetails":[],"failureMessages":[],"fullName":"canonical submission lost insert response (true) is reconciled without reupload or deletion","invocations":1,"location":null,"numPassingAsserts":6,"retryReasons":[],"status":"passed","title":"lost insert response (true) is reconciled without reupload or deletion"},{"ancestorTitles":["canonical submission"],"duration":1,"failureDetails":[],"failureMessages":[],"fullName":"canonical submission unknown reconciliation blocks a new insert","invocations":1,"location":null,"numPassingAsserts":2,"retryReasons":[],"status":"passed","title":"unknown reconciliation blocks a new insert"},{"ancestorTitles":["canonical submission"],"duration":0,"failureDetails":[],"failureMessages":[],"fullName":"canonical submission concurrent taps and repeated success share one operation","invocations":1,"location":null,"numPassingAsserts":3,"retryReasons":[],"status":"passed","title":"concurrent taps and repeated success share one operation"},{"ancestorTitles":["canonical submission"],"duration":1,"failureDetails":[],"failureMessages":[],"fullName":"canonical submission media-link failure (false) preserves the successful report","invocations":1,"location":null,"numPassingAsserts":3,"retryReasons":[],"status":"passed","title":"media-link failure (false) preserves the successful report"},{"ancestorTitles":["canonical submission"],"duration":0,"failureDetails":[],"failureMessages":[],"fullName":"canonical submission media-link failure (true) preserves the successful report","invocations":1,"location":null,"numPassingAsserts":3,"retryReasons":[],"status":"passed","title":"media-link failure (true) preserves the successful report"},{"ancestorTitles":["canonical submission"],"duration":0,"failureDetails":[],"failureMessages":[],"fullName":"canonical submission account changes cannot reuse another owner operation","invocations":1,"location":null,"numPassingAsserts":1,"retryReasons":[],"status":"passed","title":"account changes cannot reuse another owner operation"},{"ancestorTitles":["canonical submission"],"duration":1,"failureDetails":[],"failureMessages":[],"fullName":"canonical submission supports extensionless Android content URIs with explicit MIME","invocations":1,"location":null,"numPassingAsserts":3,"retryReasons":[],"status":"passed","title":"supports extensionless Android content URIs with explicit MIME"},{"ancestorTitles":["media validation and cleanup"],"duration":0,"failureDetails":[],"failureMessages":[],"fullName":"media validation and cleanup rejects invalid size NaN","invocations":1,"location":null,"numPassingAsserts":1,"retryReasons":[],"status":"passed","title":"rejects invalid size NaN"},{"ancestorTitles":["media validation and cleanup"],"duration":0,"failureDetails":[],"failureMessages":[],"fullName":"media validation and cleanup rejects invalid size -1","invocations":1,"location":null,"numPassingAsserts":1,"retryReasons":[],"status":"passed","title":"rejects invalid size -1"},{"ancestorTitles":["media validation and cleanup"],"duration":0,"failureDetails":[],"failureMessages":[],"fullName":"media validation and cleanup rejects invalid size 0","invocations":1,"location":null,"numPassingAsserts":1,"retryReasons":[],"status":"passed","title":"rejects invalid size 0"},{"ancestorTitles":["media validation and cleanup"],"duration":0,"failureDetails":[],"failureMessages":[],"fullName":"media validation and cleanup rejects invalid size 52428801","invocations":1,"location":null,"numPassingAsserts":1,"retryReasons":[],"status":"passed","title":"rejects invalid size 52428801"},{"ancestorTitles":["media validation and cleanup"],"duration":1,"failureDetails":[],"failureMessages":[],"fullName":"media validation and cleanup rejects invalid size 10","invocations":1,"location":null,"numPassingAsserts":1,"retryReasons":[],"status":"passed","title":"rejects invalid size 10"},{"ancestorTitles":["media validation and cleanup"],"duration":0,"failureDetails":[],"failureMessages":[],"fullName":"media validation and cleanup accepts the maximum size","invocations":1,"location":null,"numPassingAsserts":1,"retryReasons":[],"status":"passed","title":"accepts the maximum size"},{"ancestorTitles":["media validation and cleanup"],"duration":0,"failureDetails":[],"failureMessages":[],"fullName":"media validation and cleanup missing path cleanup is a no-op","invocations":1,"location":null,"numPassingAsserts":2,"retryReasons":[],"status":"passed","title":"missing path cleanup is a no-op"},{"ancestorTitles":["media validation and cleanup"],"duration":0,"failureDetails":[],"failureMessages":[],"fullName":"media validation and cleanup cleanup failure is best effort and does not leak storage detail","invocations":1,"location":null,"numPassingAsserts":2,"retryReasons":[],"status":"passed","title":"cleanup failure is best effort and does not leak storage detail"},{"ancestorTitles":["demo isolation and cancellation"],"duration":0,"failureDetails":[],"failureMessages":[],"fullName":"demo isolation and cancellation demo fails before all backend/file calls ({\"demo\":true})","invocations":1,"location":null,"numPassingAsserts":4,"retryReasons":[],"status":"passed","title":"demo fails before all backend/file calls ({\"demo\":true})"},{"ancestorTitles":["demo isolation and cancellation"],"duration":1,"failureDetails":[],"failureMessages":[],"fullName":"demo isolation and cancellation demo fails before all backend/file calls ({\"ai_raw_result\":{\"demo\":true}})","invocations":1,"location":null,"numPassingAsserts":4,"retryReasons":[],"status":"passed","title":"demo fails before all backend/file calls ({\"ai_raw_result\":{\"demo\":true}})"},{"ancestorTitles":["demo isolation and cancellation"],"duration":0,"failureDetails":[],"failureMessages":[],"fullName":"demo isolation and cancellation abort before validation makes no requests","invocations":1,"location":null,"numPassingAsserts":2,"retryReasons":[],"status":"passed","title":"abort before validation makes no requests"},{"ancestorTitles":["demo isolation and cancellation"],"duration":0,"failureDetails":[],"failureMessages":[],"fullName":"demo isolation and cancellation abort during confirmed upload cleans only that object and never inserts","invocations":1,"location":null,"numPassingAsserts":3,"retryReasons":[],"status":"passed","title":"abort during confirmed upload cleans only that object and never inserts"},{"ancestorTitles":["demo isolation and cancellation"],"duration":1,"failureDetails":[],"failureMessages":[],"fullName":"demo isolation and cancellation abort after insert starts retains evidence and confirms success","invocations":1,"location":null,"numPassingAsserts":2,"retryReasons":[],"status":"passed","title":"abort after insert starts retains evidence and confirms success"}],"endTime":1789316338265,"message":"","name":"D:\\Traffic_Eye\\src\\services\\reports\\__tests__\\reports.test.js","startTime":1789316338184,"status":"passed","summary":""},{"assertionResults":[{"ancestorTitles":["production EXIF normalization"],"duration":1,"failureDetails":[],"failureMessages":[],"fullName":"production EXIF normalization parses a numeric decimal","invocations":1,"location":null,"numPassingAsserts":1,"retryReasons":[],"status":"passed","title":"parses a numeric decimal"},{"ancestorTitles":["production EXIF normalization"],"duration":0,"failureDetails":[],"failureMessages":[],"fullName":"production EXIF normalization parses a decimal string","invocations":1,"location":null,"numPassingAsserts":1,"retryReasons":[],"status":"passed","title":"parses a decimal string"},{"ancestorTitles":["production EXIF normalization"],"duration":0,"failureDetails":[],"failureMessages":[],"fullName":"production EXIF normalization parses a rational string","invocations":1,"location":null,"numPassingAsserts":1,"retryReasons":[],"status":"passed","title":"parses a rational string"},{"ancestorTitles":["production EXIF normalization"],"duration":0,"failureDetails":[],"failureMessages":[],"fullName":"production EXIF normalization parses a rational object","invocations":1,"location":null,"numPassingAsserts":1,"retryReasons":[],"status":"passed","title":"parses a rational object"},{"ancestorTitles":["production EXIF normalization"],"duration":1,"failureDetails":[],"failureMessages":[],"fullName":"production EXIF normalization parses a short rational object","invocations":1,"location":null,"numPassingAsserts":1,"retryReasons":[],"status":"passed","title":"parses a short rational object"},{"ancestorTitles":["production EXIF normalization"],"duration":0,"failureDetails":[],"failureMessages":[],"fullName":"production EXIF normalization rejects a missing single value","invocations":1,"location":null,"numPassingAsserts":1,"retryReasons":[],"status":"passed","title":"rejects a missing single value"},{"ancestorTitles":["production EXIF normalization"],"duration":0,"failureDetails":[],"failureMessages":[],"fullName":"production EXIF normalization rejects a null single value","invocations":1,"location":null,"numPassingAsserts":1,"retryReasons":[],"status":"passed","title":"rejects a null single value"},{"ancestorTitles":["production EXIF normalization"],"duration":0,"failureDetails":[],"failureMessages":[],"fullName":"production EXIF normalization rejects a NaN single value","invocations":1,"location":null,"numPassingAsserts":1,"retryReasons":[],"status":"passed","title":"rejects a NaN single value"},{"ancestorTitles":["production EXIF normalization"],"duration":0,"failureDetails":[],"failureMessages":[],"fullName":"production EXIF normalization rejects a infinity single value","invocations":1,"location":null,"numPassingAsserts":1,"retryReasons":[],"status":"passed","title":"rejects a infinity single value"},{"ancestorTitles":["production EXIF normalization"],"duration":0,"failureDetails":[],"failureMessages":[],"fullName":"production EXIF normalization rejects a unparseable single value","invocations":1,"location":null,"numPassingAsserts":1,"retryReasons":[],"status":"passed","title":"rejects a unparseable single value"},{"ancestorTitles":["production EXIF normalization"],"duration":0,"failureDetails":[],"failureMessages":[],"fullName":"production EXIF normalization rejects a zero object denominator single value","invocations":1,"location":null,"numPassingAsserts":1,"retryReasons":[],"status":"passed","title":"rejects a zero object denominator single value"},{"ancestorTitles":["production EXIF normalization"],"duration":1,"failureDetails":[],"failureMessages":[],"fullName":"production EXIF normalization parses numeric DMS","invocations":1,"location":null,"numPassingAsserts":1,"retryReasons":[],"status":"passed","title":"parses numeric DMS"},{"ancestorTitles":["production EXIF normalization"],"duration":0,"failureDetails":[],"failureMessages":[],"fullName":"production EXIF normalization parses rational DMS strings","invocations":1,"location":null,"numPassingAsserts":1,"retryReasons":[],"status":"passed","title":"parses rational DMS strings"},{"ancestorTitles":["production EXIF normalization"],"duration":0,"failureDetails":[],"failureMessages":[],"fullName":"production EXIF normalization parses rational DMS objects","invocations":1,"location":null,"numPassingAsserts":1,"retryReasons":[],"status":"passed","title":"parses rational DMS objects"},{"ancestorTitles":["production EXIF normalization"],"duration":0,"failureDetails":[],"failureMessages":[],"fullName":"production EXIF normalization parses flat rational pairs","invocations":1,"location":null,"numPassingAsserts":1,"retryReasons":[],"status":"passed","title":"parses flat rational pairs"},{"ancestorTitles":["production EXIF normalization"],"duration":0,"failureDetails":[],"failureMessages":[],"fullName":"production EXIF normalization parses spaced rational string","invocations":1,"location":null,"numPassingAsserts":1,"retryReasons":[],"status":"passed","title":"parses spaced rational string"},{"ancestorTitles":["production EXIF normalization"],"duration":0,"failureDetails":[],"failureMessages":[],"fullName":"production EXIF normalization parses compact rational string","invocations":1,"location":null,"numPassingAsserts":1,"retryReasons":[],"status":"passed","title":"parses compact rational string"},{"ancestorTitles":["production EXIF normalization"],"duration":0,"failureDetails":[],"failureMessages":[],"fullName":"production EXIF normalization parses formatted DMS","invocations":1,"location":null,"numPassingAsserts":1,"retryReasons":[],"status":"passed","title":"parses formatted DMS"},{"ancestorTitles":["production EXIF normalization"],"duration":1,"failureDetails":[],"failureMessages":[],"fullName":"production EXIF normalization returns the runtime coordinate field names and aliases","invocations":1,"location":null,"numPassingAsserts":1,"retryReasons":[],"status":"passed","title":"returns the runtime coordinate field names and aliases"},{"ancestorTitles":["production EXIF normalization"],"duration":0,"failureDetails":[],"failureMessages":[],"fullName":"production EXIF normalization supports the {GPS} nested block","invocations":1,"location":null,"numPassingAsserts":1,"retryReasons":[],"status":"passed","title":"supports the {GPS} nested block"},{"ancestorTitles":["production EXIF normalization"],"duration":0,"failureDetails":[],"failureMessages":[],"fullName":"production EXIF normalization supports the GPS nested block","invocations":1,"location":null,"numPassingAsserts":1,"retryReasons":[],"status":"passed","title":"supports the GPS nested block"},{"ancestorTitles":["production EXIF normalization"],"duration":0,"failureDetails":[],"failureMessages":[],"fullName":"production EXIF normalization supports the gps nested block","invocations":1,"location":null,"numPassingAsserts":1,"retryReasons":[],"status":"passed","title":"supports the gps nested block"},{"ancestorTitles":["production EXIF normalization"],"duration":0,"failureDetails":[],"failureMessages":[],"fullName":"production EXIF normalization supports the Gps nested block","invocations":1,"location":null,"numPassingAsserts":1,"retryReasons":[],"status":"passed","title":"supports the Gps nested block"},{"ancestorTitles":["production EXIF normalization"],"duration":0,"failureDetails":[],"failureMessages":[],"fullName":"production EXIF normalization supports the GPSInfo nested block","invocations":1,"location":null,"numPassingAsserts":1,"retryReasons":[],"status":"passed","title":"supports the GPSInfo nested block"},{"ancestorTitles":["production EXIF normalization"],"duration":0,"failureDetails":[],"failureMessages":[],"fullName":"production EXIF normalization applies south and west references to rational DMS","invocations":1,"location":null,"numPassingAsserts":1,"retryReasons":[],"status":"passed","title":"applies south and west references to rational DMS"},{"ancestorTitles":["production EXIF normalization"],"duration":0,"failureDetails":[],"failureMessages":[],"fullName":"production EXIF normalization applies the north reference","invocations":1,"location":null,"numPassingAsserts":1,"retryReasons":[],"status":"passed","title":"applies the north reference"},{"ancestorTitles":["production EXIF normalization"],"duration":0,"failureDetails":[],"failureMessages":[],"fullName":"production EXIF normalization applies the east reference","invocations":1,"location":null,"numPassingAsserts":1,"retryReasons":[],"status":"passed","title":"applies the east reference"},{"ancestorTitles":["production EXIF normalization"],"duration":0,"failureDetails":[],"failureMessages":[],"fullName":"production EXIF normalization applies the south reference","invocations":1,"location":null,"numPassingAsserts":1,"retryReasons":[],"status":"passed","title":"applies the south reference"},{"ancestorTitles":["production EXIF normalization"],"duration":0,"failureDetails":[],"failureMessages":[],"fullName":"production EXIF normalization applies the west reference","invocations":1,"location":null,"numPassingAsserts":1,"retryReasons":[],"status":"passed","title":"applies the west reference"},{"ancestorTitles":["production EXIF normalization"],"duration":0,"failureDetails":[],"failureMessages":[],"fullName":"production EXIF normalization returns unavailable for absent EXIF","invocations":1,"location":null,"numPassingAsserts":1,"retryReasons":[],"status":"passed","title":"returns unavailable for absent EXIF"},{"ancestorTitles":["production EXIF normalization"],"duration":0,"failureDetails":[],"failureMessages":[],"fullName":"production EXIF normalization returns unavailable for undefined EXIF","invocations":1,"location":null,"numPassingAsserts":1,"retryReasons":[],"status":"passed","title":"returns unavailable for undefined EXIF"},{"ancestorTitles":["production EXIF normalization"],"duration":0,"failureDetails":[],"failureMessages":[],"fullName":"production EXIF normalization returns unavailable for empty EXIF","invocations":1,"location":null,"numPassingAsserts":1,"retryReasons":[],"status":"passed","title":"returns unavailable for empty EXIF"},{"ancestorTitles":["production EXIF normalization"],"duration":0,"failureDetails":[],"failureMessages":[],"fullName":"production EXIF normalization returns unavailable for EXIF without GPS","invocations":1,"location":null,"numPassingAsserts":1,"retryReasons":[],"status":"passed","title":"returns unavailable for EXIF without GPS"},{"ancestorTitles":["production EXIF normalization"],"duration":0,"failureDetails":[],"failureMessages":[],"fullName":"production EXIF normalization returns unavailable for partial GPS","invocations":1,"location":null,"numPassingAsserts":1,"retryReasons":[],"status":"passed","title":"returns unavailable for partial GPS"},{"ancestorTitles":["production EXIF normalization"],"duration":0,"failureDetails":[],"failureMessages":[],"fullName":"production EXIF normalization returns unavailable for corrupt GPS","invocations":1,"location":null,"numPassingAsserts":1,"retryReasons":[],"status":"passed","title":"returns unavailable for corrupt GPS"},{"ancestorTitles":["production EXIF normalization"],"duration":1,"failureDetails":[],"failureMessages":[],"fullName":"production EXIF normalization rejects latitude above bounds","invocations":1,"location":null,"numPassingAsserts":1,"retryReasons":[],"status":"passed","title":"rejects latitude above bounds"},{"ancestorTitles":["production EXIF normalization"],"duration":0,"failureDetails":[],"failureMessages":[],"fullName":"production EXIF normalization rejects latitude below bounds","invocations":1,"location":null,"numPassingAsserts":1,"retryReasons":[],"status":"passed","title":"rejects latitude below bounds"},{"ancestorTitles":["production EXIF normalization"],"duration":0,"failureDetails":[],"failureMessages":[],"fullName":"production EXIF normalization rejects longitude above bounds","invocations":1,"location":null,"numPassingAsserts":1,"retryReasons":[],"status":"passed","title":"rejects longitude above bounds"},{"ancestorTitles":["production EXIF normalization"],"duration":0,"failureDetails":[],"failureMessages":[],"fullName":"production EXIF normalization rejects longitude below bounds","invocations":1,"location":null,"numPassingAsserts":1,"retryReasons":[],"status":"passed","title":"rejects longitude below bounds"},{"ancestorTitles":["production EXIF normalization"],"duration":0,"failureDetails":[],"failureMessages":[],"fullName":"production EXIF normalization rejects non-finite latitude","invocations":1,"location":null,"numPassingAsserts":1,"retryReasons":[],"status":"passed","title":"rejects non-finite latitude"},{"ancestorTitles":["production EXIF normalization"],"duration":0,"failureDetails":[],"failureMessages":[],"fullName":"production EXIF normalization rejects non-finite longitude","invocations":1,"location":null,"numPassingAsserts":1,"retryReasons":[],"status":"passed","title":"rejects non-finite longitude"},{"ancestorTitles":["production EXIF normalization"],"duration":0,"failureDetails":[],"failureMessages":[],"fullName":"production EXIF normalization distinguishes missing tags from Android redaction","invocations":1,"location":null,"numPassingAsserts":3,"retryReasons":[],"status":"passed","title":"distinguishes missing tags from Android redaction"},{"ancestorTitles":["production JPEG byte parser"],"duration":1,"failureDetails":[],"failureMessages":[],"fullName":"production JPEG byte parser reads a synthetic JPEG with little-endian GPS TIFF","invocations":1,"location":null,"numPassingAsserts":1,"retryReasons":[],"status":"passed","title":"reads a synthetic JPEG with little-endian GPS TIFF"},{"ancestorTitles":["production JPEG byte parser"],"duration":0,"failureDetails":[],"failureMessages":[],"fullName":"production JPEG byte parser reads a synthetic JPEG with big-endian GPS TIFF","invocations":1,"location":null,"numPassingAsserts":1,"retryReasons":[],"status":"passed","title":"reads a synthetic JPEG with big-endian GPS TIFF"},{"ancestorTitles":["production JPEG byte parser"],"duration":0,"failureDetails":[],"failureMessages":[],"fullName":"production JPEG byte parser applies south/west from the binary fixture","invocations":1,"location":null,"numPassingAsserts":1,"retryReasons":[],"status":"passed","title":"applies south/west from the binary fixture"},{"ancestorTitles":["production JPEG byte parser"],"duration":1,"failureDetails":[],"failureMessages":[],"fullName":"production JPEG byte parser returns unavailable for missing bytes","invocations":1,"location":null,"numPassingAsserts":1,"retryReasons":[],"status":"passed","title":"returns unavailable for missing bytes"},{"ancestorTitles":["production JPEG byte parser"],"duration":0,"failureDetails":[],"failureMessages":[],"fullName":"production JPEG byte parser returns unavailable for empty bytes","invocations":1,"location":null,"numPassingAsserts":1,"retryReasons":[],"status":"passed","title":"returns unavailable for empty bytes"},{"ancestorTitles":["production JPEG byte parser"],"duration":0,"failureDetails":[],"failureMessages":[],"fullName":"production JPEG byte parser returns unavailable for short JPEG","invocations":1,"location":null,"numPassingAsserts":1,"retryReasons":[],"status":"passed","title":"returns unavailable for short JPEG"},{"ancestorTitles":["production JPEG byte parser"],"duration":0,"failureDetails":[],"failureMessages":[],"fullName":"production JPEG byte parser returns unavailable for non-JPEG bytes","invocations":1,"location":null,"numPassingAsserts":1,"retryReasons":[],"status":"passed","title":"returns unavailable for non-JPEG bytes"},{"ancestorTitles":["production extraction pipeline with mocked platform I/O"],"duration":1,"failureDetails":[],"failureMessages":[],"fullName":"production extraction pipeline with mocked platform I/O does not fabricate a result for an absent selection","invocations":1,"location":null,"numPassingAsserts":2,"retryReasons":[],"status":"passed","title":"does not fabricate a result for an absent selection"},{"ancestorTitles":["production extraction pipeline with mocked platform I/O"],"duration":0,"failureDetails":[],"failureMessages":[],"fullName":"production extraction pipeline with mocked platform I/O labels valid picker metadata as picker-copy EXIF after permission denial","invocations":1,"location":null,"numPassingAsserts":2,"retryReasons":[],"status":"passed","title":"labels valid picker metadata as picker-copy EXIF after permission denial"},{"ancestorTitles":["production extraction pipeline with mocked platform I/O"],"duration":0,"failureDetails":[],"failureMessages":[],"fullName":"production extraction pipeline with mocked platform I/O permission rejection reaches the actual picker fallback without throwing","invocations":1,"location":null,"numPassingAsserts":1,"retryReasons":[],"status":"passed","title":"permission rejection reaches the actual picker fallback without throwing"},{"ancestorTitles":["production extraction pipeline with mocked platform I/O"],"duration":0,"failureDetails":[],"failureMessages":[],"fullName":"production extraction pipeline with mocked platform I/O iOS camera metadata without GPS remains unavailable","invocations":1,"location":null,"numPassingAsserts":2,"retryReasons":[],"status":"passed","title":"iOS camera metadata without GPS remains unavailable"},{"ancestorTitles":["production extraction pipeline with mocked platform I/O"],"duration":0,"failureDetails":[],"failureMessages":[],"fullName":"production extraction pipeline with mocked platform I/O reads the exact supplied MediaLibrary asset ID without a gallery search","invocations":1,"location":null,"numPassingAsserts":3,"retryReasons":[],"status":"passed","title":"reads the exact supplied MediaLibrary asset ID without a gallery search"},{"ancestorTitles":["production extraction pipeline with mocked platform I/O"],"duration":0,"failureDetails":[],"failureMessages":[],"fullName":"production extraction pipeline with mocked platform I/O parses JPEG fixture bytes through the real file-read fallback","invocations":1,"location":null,"numPassingAsserts":2,"retryReasons":[],"status":"passed","title":"parses JPEG fixture bytes through the real file-read fallback"},{"ancestorTitles":["production extraction pipeline with mocked platform I/O"],"duration":1,"failureDetails":[],"failureMessages":[],"fullName":"production extraction pipeline with mocked platform I/O does not JPEG-parse picker bytes marked image/png","invocations":1,"location":null,"numPassingAsserts":3,"retryReasons":[],"status":"passed","title":"does not JPEG-parse picker bytes marked image/png"},{"ancestorTitles":["production extraction pipeline with mocked platform I/O"],"duration":0,"failureDetails":[],"failureMessages":[],"fullName":"production extraction pipeline with mocked platform I/O does not JPEG-parse picker bytes marked image/heic","invocations":1,"location":null,"numPassingAsserts":3,"retryReasons":[],"status":"passed","title":"does not JPEG-parse picker bytes marked image/heic"},{"ancestorTitles":["production extraction pipeline with mocked platform I/O"],"duration":0,"failureDetails":[],"failureMessages":[],"fullName":"production extraction pipeline with mocked platform I/O does not JPEG-parse picker bytes marked image/heif","invocations":1,"location":null,"numPassingAsserts":3,"retryReasons":[],"status":"passed","title":"does not JPEG-parse picker bytes marked image/heif"},{"ancestorTitles":["production extraction pipeline with mocked platform I/O"],"duration":1,"failureDetails":[],"failureMessages":[],"fullName":"production extraction pipeline with mocked platform I/O does not JPEG-parse picker bytes marked image/webp","invocations":1,"location":null,"numPassingAsserts":3,"retryReasons":[],"status":"passed","title":"does not JPEG-parse picker bytes marked image/webp"},{"ancestorTitles":["production extraction pipeline with mocked platform I/O"],"duration":0,"failureDetails":[],"failureMessages":[],"fullName":"production extraction pipeline with mocked platform I/O passes decoded file bytes to the production Crypto.digest path","invocations":1,"location":null,"numPassingAsserts":4,"retryReasons":[],"status":"passed","title":"passes decoded file bytes to the production Crypto.digest path"},{"ancestorTitles":["EXIF diagnostics privacy"],"duration":0,"failureDetails":[],"failureMessages":[],"fullName":"EXIF diagnostics privacy parsing does not log raw EXIF or coordinates","invocations":1,"location":null,"numPassingAsserts":3,"retryReasons":[],"status":"passed","title":"parsing does not log raw EXIF or coordinates"},{"ancestorTitles":["EXIF diagnostics privacy"],"duration":0,"failureDetails":[],"failureMessages":[],"fullName":"EXIF diagnostics privacy development diagnostics contain only boolean availability flags","invocations":1,"location":null,"numPassingAsserts":2,"retryReasons":[],"status":"passed","title":"development diagnostics contain only boolean availability flags"},{"ancestorTitles":["EXIF diagnostics privacy"],"duration":0,"failureDetails":[],"failureMessages":[],"fullName":"EXIF diagnostics privacy production diagnostics are silent","invocations":1,"location":null,"numPassingAsserts":1,"retryReasons":[],"status":"passed","title":"production diagnostics are silent"},{"ancestorTitles":["EXIF diagnostics privacy"],"duration":0,"failureDetails":[],"failureMessages":[],"fullName":"EXIF diagnostics privacy platform errors containing a URI are not echoed","invocations":1,"location":null,"numPassingAsserts":2,"retryReasons":[],"status":"passed","title":"platform errors containing a URI are not echoed"},{"ancestorTitles":["deferred Phase 4 EXIF repair requirements"],"duration":null,"failureDetails":[],"failureMessages":[],"fullName":"deferred Phase 4 EXIF repair requirements accept valid numeric zero latitude and zero longitude through the complete parser","invocations":1,"location":null,"numPassingAsserts":0,"retryReasons":[],"status":"todo","title":"accept valid numeric zero latitude and zero longitude through the complete parser"},{"ancestorTitles":["deferred Phase 4 EXIF repair requirements"],"duration":null,"failureDetails":[],"failureMessages":[],"fullName":"deferred Phase 4 EXIF repair requirements accept inherently signed decimal GPS without hemisphere refs","invocations":1,"location":null,"numPassingAsserts":0,"retryReasons":[],"status":"todo","title":"accept inherently signed decimal GPS without hemisphere refs"},{"ancestorTitles":["deferred Phase 4 EXIF repair requirements"],"duration":null,"failureDetails":[],"failureMessages":[],"fullName":"deferred Phase 4 EXIF repair requirements reject trailing junk, zero string denominators, invalid DMS ranges, and contradictory refs","invocations":1,"location":null,"numPassingAsserts":0,"retryReasons":[],"status":"todo","title":"reject trailing junk, zero string denominators, invalid DMS ranges, and contradictory refs"},{"ancestorTitles":["deferred Phase 4 EXIF repair requirements"],"duration":null,"failureDetails":[],"failureMessages":[],"fullName":"deferred Phase 4 EXIF repair requirements bound all JPEG/TIFF reads and continue past non-EXIF APP1 segments","invocations":1,"location":null,"numPassingAsserts":0,"retryReasons":[],"status":"todo","title":"bound all JPEG/TIFF reads and continue past non-EXIF APP1 segments"},{"ancestorTitles":["deferred Phase 4 EXIF repair requirements"],"duration":null,"failureDetails":[],"failureMessages":[],"fullName":"deferred Phase 4 EXIF repair requirements preserve full URI query parameters through extraction and hashing","invocations":1,"location":null,"numPassingAsserts":0,"retryReasons":[],"status":"todo","title":"preserve full URI query parameters through extraction and hashing"},{"ancestorTitles":["deferred Phase 4 EXIF repair requirements"],"duration":null,"failureDetails":[],"failureMessages":[],"fullName":"deferred Phase 4 EXIF repair requirements never resolve a null asset ID by filename, dimensions, or recent-gallery heuristics","invocations":1,"location":null,"numPassingAsserts":0,"retryReasons":[],"status":"todo","title":"never resolve a null asset ID by filename, dimensions, or recent-gallery heuristics"},{"ancestorTitles":["deferred Phase 4 EXIF repair requirements"],"duration":null,"failureDetails":[],"failureMessages":[],"fullName":"deferred Phase 4 EXIF repair requirements never replace a raw-byte hash with a hash of base64 text when Crypto.digest fails","invocations":1,"location":null,"numPassingAsserts":0,"retryReasons":[],"status":"todo","title":"never replace a raw-byte hash with a hash of base64 text when Crypto.digest fails"},{"ancestorTitles":["deferred Phase 4 EXIF repair requirements"],"duration":null,"failureDetails":[],"failureMessages":[],"fullName":"deferred Phase 4 EXIF repair requirements consolidate the unused Core/CoreCommonJS parser copies with the production parser","invocations":1,"location":null,"numPassingAsserts":0,"retryReasons":[],"status":"todo","title":"consolidate the unused Core/CoreCommonJS parser copies with the production parser"}],"endTime":1789316338353,"message":"","name":"D:\\Traffic_Eye\\src\\utils\\__tests__\\exifParser.test.js","startTime":1789316338278,"status":"passed","summary":""},{"assertionResults":[{"ancestorTitles":[],"duration":0,"failureDetails":[],"failureMessages":[],"fullName":"timeline pending","invocations":1,"location":null,"numPassingAsserts":1,"retryReasons":[],"status":"passed","title":"timeline pending"},{"ancestorTitles":[],"duration":1,"failureDetails":[],"failureMessages":[],"fullName":"timeline approved","invocations":1,"location":null,"numPassingAsserts":1,"retryReasons":[],"status":"passed","title":"timeline approved"},{"ancestorTitles":[],"duration":0,"failureDetails":[],"failureMessages":[],"fullName":"timeline rejected","invocations":1,"location":null,"numPassingAsserts":1,"retryReasons":[],"status":"passed","title":"timeline rejected"},{"ancestorTitles":[],"duration":0,"failureDetails":[],"failureMessages":[],"fullName":"timeline null","invocations":1,"location":null,"numPassingAsserts":1,"retryReasons":[],"status":"passed","title":"timeline null"},{"ancestorTitles":[],"duration":0,"failureDetails":[],"failureMessages":[],"fullName":"missing reviewed timestamp is never substituted","invocations":1,"location":null,"numPassingAsserts":1,"retryReasons":[],"status":"passed","title":"missing reviewed timestamp is never substituted"},{"ancestorTitles":[],"duration":13,"failureDetails":[],"failureMessages":[],"fullName":"actual earned badge (approved,70)","invocations":1,"location":null,"numPassingAsserts":2,"retryReasons":[],"status":"passed","title":"actual earned badge (approved,70)"},{"ancestorTitles":[],"duration":2,"failureDetails":[],"failureMessages":[],"fullName":"actual earned badge (approved,0)","invocations":1,"location":null,"numPassingAsserts":2,"retryReasons":[],"status":"passed","title":"actual earned badge (approved,0)"},{"ancestorTitles":[],"duration":1,"failureDetails":[],"failureMessages":[],"fullName":"actual earned badge (pending,70)","invocations":1,"location":null,"numPassingAsserts":2,"retryReasons":[],"status":"passed","title":"actual earned badge (pending,70)"},{"ancestorTitles":[],"duration":0,"failureDetails":[],"failureMessages":[],"fullName":"actual earned badge (rejected,70)","invocations":1,"location":null,"numPassingAsserts":2,"retryReasons":[],"status":"passed","title":"actual earned badge (rejected,70)"}],"endTime":1789316338438,"message":"","name":"D:\\Traffic_Eye\\src\\screens\\citizen\\__tests__\\ImageReportStatus.test.js","startTime":1789316338359,"status":"passed","summary":""},{"assertionResults":[{"ancestorTitles":["invokeAiStageWithRetry"],"duration":1,"failureDetails":[],"failureMessages":[],"fullName":"invokeAiStageWithRetry default back-off is two retries at ~1s then ~3s","invocations":1,"location":null,"numPassingAsserts":6,"retryReasons":[],"status":"passed","title":"default back-off is two retries at ~1s then ~3s"},{"ancestorTitles":["invokeAiStageWithRetry"],"duration":1,"failureDetails":[],"failureMessages":[],"fullName":"invokeAiStageWithRetry returns the stage result on the first successful attempt (no retry, no timer)","invocations":1,"location":null,"numPassingAsserts":9,"retryReasons":[],"status":"passed","title":"returns the stage result on the first successful attempt (no retry, no timer)"},{"ancestorTitles":["invokeAiStageWithRetry"],"duration":1,"failureDetails":[],"failureMessages":[],"fullName":"invokeAiStageWithRetry retries a transient failure once and then succeeds","invocations":1,"location":null,"numPassingAsserts":9,"retryReasons":[],"status":"passed","title":"retries a transient failure once and then succeeds"},{"ancestorTitles":["invokeAiStageWithRetry"],"duration":0,"failureDetails":[],"failureMessages":[],"fullName":"invokeAiStageWithRetry backs off in order: ~1s before the 2nd attempt, ~3s before the 3rd","invocations":1,"location":null,"numPassingAsserts":11,"retryReasons":[],"status":"passed","title":"backs off in order: ~1s before the 2nd attempt, ~3s before the 3rd"},{"ancestorTitles":["invokeAiStageWithRetry"],"duration":1,"failureDetails":[],"failureMessages":[],"fullName":"invokeAiStageWithRetry exhausts exactly two retries then throws the last transient error","invocations":1,"location":null,"numPassingAsserts":8,"retryReasons":[],"status":"passed","title":"exhausts exactly two retries then throws the last transient error"},{"ancestorTitles":["invokeAiStageWithRetry"],"duration":1,"failureDetails":[],"failureMessages":[],"fullName":"invokeAiStageWithRetry does not retry the deterministic error QUOTA_EXCEEDED — it is thrown on the first attempt","invocations":1,"location":null,"numPassingAsserts":8,"retryReasons":[],"status":"passed","title":"does not retry the deterministic error QUOTA_EXCEEDED — it is thrown on the first attempt"},{"ancestorTitles":["invokeAiStageWithRetry"],"duration":1,"failureDetails":[],"failureMessages":[],"fullName":"invokeAiStageWithRetry does not retry the deterministic error NOT_CONFIGURED — it is thrown on the first attempt","invocations":1,"location":null,"numPassingAsserts":8,"retryReasons":[],"status":"passed","title":"does not retry the deterministic error NOT_CONFIGURED — it is thrown on the first attempt"},{"ancestorTitles":["invokeAiStageWithRetry"],"duration":1,"failureDetails":[],"failureMessages":[],"fullName":"invokeAiStageWithRetry does not retry the deterministic error UNAUTHENTICATED — it is thrown on the first attempt","invocations":1,"location":null,"numPassingAsserts":8,"retryReasons":[],"status":"passed","title":"does not retry the deterministic error UNAUTHENTICATED — it is thrown on the first attempt"},{"ancestorTitles":["invokeAiStageWithRetry"],"duration":0,"failureDetails":[],"failureMessages":[],"fullName":"invokeAiStageWithRetry does not retry the deterministic error BAD_REQUEST — it is thrown on the first attempt","invocations":1,"location":null,"numPassingAsserts":8,"retryReasons":[],"status":"passed","title":"does not retry the deterministic error BAD_REQUEST — it is thrown on the first attempt"},{"ancestorTitles":["invokeAiStageWithRetry"],"duration":1,"failureDetails":[],"failureMessages":[],"fullName":"invokeAiStageWithRetry does not retry the deterministic error PROVIDER_BAD_OUTPUT — it is thrown on the first attempt","invocations":1,"location":null,"numPassingAsserts":8,"retryReasons":[],"status":"passed","title":"does not retry the deterministic error PROVIDER_BAD_OUTPUT — it is thrown on the first attempt"},{"ancestorTitles":["invokeAiStageWithRetry"],"duration":7,"failureDetails":[],"failureMessages":[],"fullName":"invokeAiStageWithRetry does not retry a non-typed Error (only typed transport codes are retryable)","invocations":1,"location":null,"numPassingAsserts":7,"retryReasons":[],"status":"passed","title":"does not retry a non-typed Error (only typed transport codes are retryable)"},{"ancestorTitles":["invokeAiStageWithRetry"],"duration":1,"failureDetails":[],"failureMessages":[],"fullName":"invokeAiStageWithRetry a pre-aborted signal throws CANCELLED without ever invoking the stage","invocations":1,"location":null,"numPassingAsserts":7,"retryReasons":[],"status":"passed","title":"a pre-aborted signal throws CANCELLED without ever invoking the stage"},{"ancestorTitles":["invokeAiStageWithRetry"],"duration":0,"failureDetails":[],"failureMessages":[],"fullName":"invokeAiStageWithRetry aborting during the back-off delay interrupts it, throws CANCELLED, and stops retrying","invocations":1,"location":null,"numPassingAsserts":8,"retryReasons":[],"status":"passed","title":"aborting during the back-off delay interrupts it, throws CANCELLED, and stops retrying"},{"ancestorTitles":["invokeAiStageWithRetry"],"duration":0,"failureDetails":[],"failureMessages":[],"fullName":"invokeAiStageWithRetry an abort raised from the onRetry callback cancels before the next attempt","invocations":1,"location":null,"numPassingAsserts":8,"retryReasons":[],"status":"passed","title":"an abort raised from the onRetry callback cancels before the next attempt"},{"ancestorTitles":["invokeAiStageWithRetry"],"duration":1,"failureDetails":[],"failureMessages":[],"fullName":"invokeAiStageWithRetry honors a custom delays array (retry budget follows its length)","invocations":1,"location":null,"numPassingAsserts":8,"retryReasons":[],"status":"passed","title":"honors a custom delays array (retry budget follows its length)"},{"ancestorTitles":[],"duration":0,"failureDetails":[],"failureMessages":[],"fullName":"an aborted in-flight success cannot escape as a valid result","invocations":1,"location":null,"numPassingAsserts":1,"retryReasons":[],"status":"passed","title":"an aborted in-flight success cannot escape as a valid result"}],"endTime":1789316338519,"message":"","name":"D:\\Traffic_Eye\\src\\services\\ai\\__tests__\\retry.test.js","startTime":1789316338445,"status":"passed","summary":""},{"assertionResults":[{"ancestorTitles":[],"duration":16,"failureDetails":[],"failureMessages":[],"fullName":"escapes all user-controlled columns","invocations":1,"location":null,"numPassingAsserts":5,"retryReasons":[],"status":"passed","title":"escapes all user-controlled columns"},{"ancestorTitles":[],"duration":0,"failureDetails":[],"failureMessages":[],"fullName":"summary actual statuses","invocations":1,"location":null,"numPassingAsserts":1,"retryReasons":[],"status":"passed","title":"summary actual statuses"}],"endTime":1789316338592,"message":"","name":"D:\\Traffic_Eye\\tests\\reportPdf.test.js","startTime":1789316338525,"status":"passed","summary":""},{"assertionResults":[{"ancestorTitles":["AI client transport"],"duration":2,"failureDetails":[],"failureMessages":[],"fullName":"AI client transport vision delegates authentication to Supabase and never forwards caller identity or provider choices","invocations":1,"location":null,"numPassingAsserts":8,"retryReasons":[],"status":"passed","title":"vision delegates authentication to Supabase and never forwards caller identity or provider choices"},{"ancestorTitles":["AI client transport"],"duration":0,"failureDetails":[],"failureMessages":[],"fullName":"AI client transport ocr delegates authentication to Supabase and never forwards caller identity or provider choices","invocations":1,"location":null,"numPassingAsserts":8,"retryReasons":[],"status":"passed","title":"ocr delegates authentication to Supabase and never forwards caller identity or provider choices"},{"ancestorTitles":["AI client transport"],"duration":1,"failureDetails":[],"failureMessages":[],"fullName":"AI client transport audit sends bounded-purpose text inputs and never image bytes","invocations":1,"location":null,"numPassingAsserts":6,"retryReasons":[],"status":"passed","title":"audit sends bounded-purpose text inputs and never image bytes"},{"ancestorTitles":["AI client transport"],"duration":1,"failureDetails":[],"failureMessages":[],"fullName":"AI client transport unknown stages are rejected before calling the SDK","invocations":1,"location":null,"numPassingAsserts":7,"retryReasons":[],"status":"passed","title":"unknown stages are rejected before calling the SDK"},{"ancestorTitles":["AI client transport"],"duration":1,"failureDetails":[],"failureMessages":[],"fullName":"AI client transport NOT_CONFIGURED stays typed without exposing response details","invocations":1,"location":null,"numPassingAsserts":9,"retryReasons":[],"status":"passed","title":"NOT_CONFIGURED stays typed without exposing response details"},{"ancestorTitles":["AI client transport"],"duration":0,"failureDetails":[],"failureMessages":[],"fullName":"AI client transport non-JSON HTTP failures expose only the conservative typed fallback","invocations":1,"location":null,"numPassingAsserts":6,"retryReasons":[],"status":"passed","title":"non-JSON HTTP failures expose only the conservative typed fallback"},{"ancestorTitles":["AI client transport"],"duration":1,"failureDetails":[],"failureMessages":[],"fullName":"AI client transport transport errors are sanitized and do not trigger a direct provider fallback","invocations":1,"location":null,"numPassingAsserts":7,"retryReasons":[],"status":"passed","title":"transport errors are sanitized and do not trigger a direct provider fallback"},{"ancestorTitles":["AI client transport"],"duration":1,"failureDetails":[],"failureMessages":[],"fullName":"AI client transport the client deadline aborts the SDK request and clears its timer","invocations":1,"location":null,"numPassingAsserts":7,"retryReasons":[],"status":"passed","title":"the client deadline aborts the SDK request and clears its timer"},{"ancestorTitles":["AI client transport"],"duration":0,"failureDetails":[],"failureMessages":[],"fullName":"AI client transport malformed success data fails closed (null)","invocations":1,"location":null,"numPassingAsserts":6,"retryReasons":[],"status":"passed","title":"malformed success data fails closed (null)"},{"ancestorTitles":["AI client transport"],"duration":1,"failureDetails":[],"failureMessages":[],"fullName":"AI client transport malformed success data fails closed ({\"ok\":true,\"text\":null})","invocations":1,"location":null,"numPassingAsserts":6,"retryReasons":[],"status":"passed","title":"malformed success data fails closed ({\"ok\":true,\"text\":null})"},{"ancestorTitles":["AI client transport"],"duration":0,"failureDetails":[],"failureMessages":[],"fullName":"AI client transport malformed success data fails closed ({\"ok\":false,\"providerBody\":\"synthetic upstream response\"})","invocations":1,"location":null,"numPassingAsserts":6,"retryReasons":[],"status":"passed","title":"malformed success data fails closed ({\"ok\":false,\"providerBody\":\"synthetic upstream response\"})"},{"ancestorTitles":["AI client transport"],"duration":1,"failureDetails":[],"failureMessages":[],"fullName":"AI client transport QUOTA_EXCEEDED is not retried","invocations":1,"location":null,"numPassingAsserts":6,"retryReasons":[],"status":"passed","title":"QUOTA_EXCEEDED is not retried"},{"ancestorTitles":["AI client transport"],"duration":0,"failureDetails":[],"failureMessages":[],"fullName":"AI client transport NOT_CONFIGURED is not retried","invocations":1,"location":null,"numPassingAsserts":6,"retryReasons":[],"status":"passed","title":"NOT_CONFIGURED is not retried"},{"ancestorTitles":["AI client transport"],"duration":0,"failureDetails":[],"failureMessages":[],"fullName":"AI client transport UNAUTHENTICATED is not retried","invocations":1,"location":null,"numPassingAsserts":6,"retryReasons":[],"status":"passed","title":"UNAUTHENTICATED is not retried"},{"ancestorTitles":["AI client transport"],"duration":1,"failureDetails":[],"failureMessages":[],"fullName":"AI client transport BAD_REQUEST is not retried","invocations":1,"location":null,"numPassingAsserts":6,"retryReasons":[],"status":"passed","title":"BAD_REQUEST is not retried"},{"ancestorTitles":["AI client transport"],"duration":0,"failureDetails":[],"failureMessages":[],"fullName":"AI client transport PROVIDER_BAD_OUTPUT is not retried","invocations":1,"location":null,"numPassingAsserts":6,"retryReasons":[],"status":"passed","title":"PROVIDER_BAD_OUTPUT is not retried"},{"ancestorTitles":["AI client transport"],"duration":0,"failureDetails":[],"failureMessages":[],"fullName":"AI client transport PROVIDER_UNAVAILABLE is retryable only as a typed transport error","invocations":1,"location":null,"numPassingAsserts":7,"retryReasons":[],"status":"passed","title":"PROVIDER_UNAVAILABLE is retryable only as a typed transport error"},{"ancestorTitles":["AI client transport"],"duration":0,"failureDetails":[],"failureMessages":[],"fullName":"AI client transport PROVIDER_TIMEOUT is retryable only as a typed transport error","invocations":1,"location":null,"numPassingAsserts":7,"retryReasons":[],"status":"passed","title":"PROVIDER_TIMEOUT is retryable only as a typed transport error"},{"ancestorTitles":["AI client transport"],"duration":0,"failureDetails":[],"failureMessages":[],"fullName":"AI client transport NETWORK is retryable only as a typed transport error","invocations":1,"location":null,"numPassingAsserts":7,"retryReasons":[],"status":"passed","title":"NETWORK is retryable only as a typed transport error"},{"ancestorTitles":["HTTP classification and cancellation regressions"],"duration":1,"failureDetails":[],"failureMessages":[],"fullName":"HTTP classification and cancellation regressions HTTP 401 remains UNAUTHENTICATED even without JSON","invocations":1,"location":null,"numPassingAsserts":3,"retryReasons":[],"status":"passed","title":"HTTP 401 remains UNAUTHENTICATED even without JSON"},{"ancestorTitles":["HTTP classification and cancellation regressions"],"duration":0,"failureDetails":[],"failureMessages":[],"fullName":"HTTP classification and cancellation regressions HTTP 403 remains FORBIDDEN even without JSON","invocations":1,"location":null,"numPassingAsserts":3,"retryReasons":[],"status":"passed","title":"HTTP 403 remains FORBIDDEN even without JSON"},{"ancestorTitles":["HTTP classification and cancellation regressions"],"duration":0,"failureDetails":[],"failureMessages":[],"fullName":"HTTP classification and cancellation regressions HTTP 429 remains QUOTA_EXCEEDED even without JSON","invocations":1,"location":null,"numPassingAsserts":3,"retryReasons":[],"status":"pass
[...]
ty priority, then oldest first; does not mutate input","invocations":1,"location":null,"numPassingAsserts":2,"retryReasons":[],"status":"passed","title":"severity priority, then oldest first; does not mutate input"},{"ancestorTitles":[],"duration":1,"failureDetails":[],"failureMessages":[],"fullName":"missing dates sort last, severities are case insensitive","invocations":1,"location":null,"numPassingAsserts":1,"retryReasons":[],"status":"passed","title":"missing dates sort last, severities are case insensitive"},{"ancestorTitles":[],"duration":1,"failureDetails":[],"failureMessages":[],"fullName":"top five selected after sorting complete queue","invocations":1,"location":null,"numPassingAsserts":2,"retryReasons":[],"status":"passed","title":"top five selected after sorting complete queue"}],"endTime":1789316338720,"message":"","name":"D:\\Traffic_Eye\\src\\screens\\officer\\__tests__\\OfficerDashboard.test.js","startTime":1789316338671,"status":"passed","summary":""},{"assertionResults":[{"ancestorTitles":["server-owned AI provider transport"],"duration":2,"failureDetails":[],"failureMessages":[],"fullName":"server-owned AI provider transport no configured key spends no provider credit","invocations":1,"location":null,"numPassingAsserts":5,"retryReasons":[],"status":"passed","title":"no configured key spends no provider credit"},{"ancestorTitles":["server-owned AI provider transport"],"duration":1,"failureDetails":[],"failureMessages":[],"fullName":"server-owned AI provider transport configuration is checked for the requested stage, not an unrelated provider","invocations":1,"location":null,"numPassingAsserts":11,"retryReasons":[],"status":"passed","title":"configuration is checked for the requested stage, not an unrelated provider"},{"ancestorTitles":["server-owned AI provider transport"],"duration":1,"failureDetails":[],"failureMessages":[],"fullName":"server-owned AI provider transport audit uses the fixed Groq endpoint/model and does not return credentials or full provider payloads","invocations":1,"location":null,"numPassingAsserts":8,"retryReasons":[],"status":"passed","title":"audit uses the fixed Groq endpoint/model and does not return credentials or full provider payloads"},{"ancestorTitles":["server-owned AI provider transport"],"duration":0,"failureDetails":[],"failureMessages":[],"fullName":"server-owned AI provider transport Gemini credentials are sent only as a header, never in the URL or returned result","invocations":1,"location":null,"numPassingAsserts":7,"retryReasons":[],"status":"passed","title":"Gemini credentials are sent only as a header, never in the URL or returned result"},{"ancestorTitles":["server-owned AI provider transport"],"duration":0,"failureDetails":[],"failureMessages":[],"fullName":"server-owned AI provider transport HTTP 401 discards provider error bodies without parsing or leaking them","invocations":1,"location":null,"numPassingAsserts":10,"retryReasons":[],"status":"passed","title":"HTTP 401 discards provider error bodies without parsing or leaking them"},{"ancestorTitles":["server-owned AI provider transport"],"duration":1,"failureDetails":[],"failureMessages":[],"fullName":"server-owned AI provider transport HTTP 500 discards provider error bodies without parsing or leaking them","invocations":1,"location":null,"numPassingAsserts":10,"retryReasons":[],"status":"passed","title":"HTTP 500 discards provider error bodies without parsing or leaking them"},{"ancestorTitles":["server-owned AI provider transport"],"duration":0,"failureDetails":[],"failureMessages":[],"fullName":"server-owned AI provider transport an HTTP 401 does not rotate through more keys for the same audit attempt","invocations":1,"location":null,"numPassingAsserts":5,"retryReasons":[],"status":"passed","title":"an HTTP 401 does not rotate through more keys for the same audit attempt"},{"ancestorTitles":["server-owned AI provider transport"],"duration":1,"failureDetails":[],"failureMessages":[],"fullName":"server-owned AI provider transport a transient quota response can rotate to the next configured key without returning the failed response","invocations":1,"location":null,"numPassingAsserts":6,"retryReasons":[],"status":"passed","title":"a transient quota response can rotate to the next configured key without returning the failed response"},{"ancestorTitles":["server-owned AI provider transport"],"duration":0,"failureDetails":[],"failureMessages":[],"fullName":"server-owned AI provider transport invalid completion shapes fail closed ({})","invocations":1,"location":null,"numPassingAsserts":4,"retryReasons":[],"status":"passed","title":"invalid completion shapes fail closed ({})"},{"ancestorTitles":["server-owned AI provider transport"],"duration":0,"failureDetails":[],"failureMessages":[],"fullName":"server-owned AI provider transport invalid completion shapes fail closed ({\"choices\":[]})","invocations":1,"location":null,"numPassingAsserts":4,"retryReasons":[],"status":"passed","title":"invalid completion shapes fail closed ({\"choices\":[]})"},{"ancestorTitles":["server-owned AI provider transport"],"duration":0,"failureDetails":[],"failureMessages":[],"fullName":"server-owned AI provider transport invalid completion shapes fail closed ({\"choices\":[{\"message\":{\"content\":\"\"}}]})","invocations":1,"location":null,"numPassingAsserts":4,"retryReasons":[],"status":"passed","title":"invalid completion shapes fail closed ({\"choices\":[{\"message\":{\"content\":\"\"}}]})"},{"ancestorTitles":["server-owned AI provider transport"],"duration":1,"failureDetails":[],"failureMessages":[],"fullName":"server-owned AI provider transport invalid completion shapes fail closed ({\"choices\":[{\"message\":{\"content\":42}}]})","invocations":1,"location":null,"numPassingAsserts":4,"retryReasons":[],"status":"passed","title":"invalid completion shapes fail closed ({\"choices\":[{\"message\":{\"content\":42}}]})"},{"ancestorTitles":["server-owned AI provider transport"],"duration":0,"failureDetails":[],"failureMessages":[],"fullName":"server-owned AI provider transport non-JSON successful HTTP responses are sanitized","invocations":1,"location":null,"numPassingAsserts":4,"retryReasons":[],"status":"passed","title":"non-JSON successful HTTP responses are sanitized"},{"ancestorTitles":["server-owned AI provider transport"],"duration":1,"failureDetails":[],"failureMessages":[],"fullName":"server-owned AI provider transport oversized completion text fails closed","invocations":1,"location":null,"numPassingAsserts":4,"retryReasons":[],"status":"passed","title":"oversized completion text fails closed"},{"ancestorTitles":["server-owned AI provider transport"],"duration":0,"failureDetails":[],"failureMessages":[],"fullName":"server-owned AI provider transport network errors never expose URLs, tokens, or upstream details","invocations":1,"location":null,"numPassingAsserts":4,"retryReasons":[],"status":"passed","title":"network errors never expose URLs, tokens, or upstream details"},{"ancestorTitles":["server-owned AI provider transport"],"duration":1,"failureDetails":[],"failureMessages":[],"fullName":"server-owned AI provider transport provider deadline aborts in-flight requests and returns the typed timeout","invocations":1,"location":null,"numPassingAsserts":6,"retryReasons":[],"status":"passed","title":"provider deadline aborts in-flight requests and returns the typed timeout"}],"endTime":1789316338809,"message":"","name":"D:\\Traffic_Eye\\tests\\ai\\providers.test.ts","startTime":1789316338734,"status":"passed","summary":""},{"assertionResults":[{"ancestorTitles":[],"duration":2,"failureDetails":[],"failureMessages":[],"fullName":"all stages use the retry wrapper and same cancellation signal","invocations":1,"location":null,"numPassingAsserts":6,"retryReasons":[],"status":"passed","title":"all stages use the retry wrapper and same cancellation signal"},{"ancestorTitles":[],"duration":1,"failureDetails":[],"failureMessages":[],"fullName":"cancellation during vision stops the pipeline","invocations":1,"location":null,"numPassingAsserts":2,"retryReasons":[],"status":"passed","title":"cancellation during vision stops the pipeline"},{"ancestorTitles":[],"duration":0,"failureDetails":[],"failureMessages":[],"fullName":"cancellation during ocr stops the pipeline","invocations":1,"location":null,"numPassingAsserts":2,"retryReasons":[],"status":"passed","title":"cancellation during ocr stops the pipeline"},{"ancestorTitles":[],"duration":1,"failureDetails":[],"failureMessages":[],"fullName":"cancellation during audit stops the pipeline","invocations":1,"location":null,"numPassingAsserts":2,"retryReasons":[],"status":"passed","title":"cancellation during audit stops the pipeline"},{"ancestorTitles":[],"duration":0,"failureDetails":[],"failureMessages":[],"fullName":"cancellation during preprocessing prevents paid analysis calls","invocations":1,"location":null,"numPassingAsserts":2,"retryReasons":[],"status":"passed","title":"cancellation during preprocessing prevents paid analysis calls"},{"ancestorTitles":[],"duration":1,"failureDetails":[],"failureMessages":[],"fullName":"unavailable vision produces a manual-review result without invented evidence","invocations":1,"location":null,"numPassingAsserts":3,"retryReasons":[],"status":"passed","title":"unavailable vision produces a manual-review result without invented evidence"}],"endTime":1789316338873,"message":"","name":"D:\\Traffic_Eye\\src\\services\\ai\\__tests__\\pipeline.test.js","startTime":1789316338814,"status":"passed","summary":""},{"assertionResults":[{"ancestorTitles":[],"duration":1,"failureDetails":[],"failureMessages":[],"fullName":"duplicate IDs cause one update and one local notification","invocations":1,"location":null,"numPassingAsserts":3,"retryReasons":[],"status":"passed","title":"duplicate IDs cause one update and one local notification"},{"ancestorTitles":[],"duration":0,"failureDetails":[],"failureMessages":[],"fullName":"foreground updates toast/badge without a duplicate OS alert","invocations":1,"location":null,"numPassingAsserts":2,"retryReasons":[],"status":"passed","title":"foreground updates toast/badge without a duplicate OS alert"},{"ancestorTitles":[],"duration":1,"failureDetails":[],"failureMessages":[],"fullName":"logout removes channel and ignores queued callbacks","invocations":1,"location":null,"numPassingAsserts":3,"retryReasons":[],"status":"passed","title":"logout removes channel and ignores queued callbacks"},{"ancestorTitles":[],"duration":0,"failureDetails":[],"failureMessages":[],"fullName":"wrong accounts and missing IDs are ignored","invocations":1,"location":null,"numPassingAsserts":1,"retryReasons":[],"status":"passed","title":"wrong accounts and missing IDs are ignored"},{"ancestorTitles":[],"duration":0,"failureDetails":[],"failureMessages":[],"fullName":"account change suppresses deferred notifications","invocations":1,"location":null,"numPassingAsserts":2,"retryReasons":[],"status":"passed","title":"account change suppresses deferred notifications"},{"ancestorTitles":[],"duration":0,"failureDetails":[],"failureMessages":[],"fullName":"new session can process IDs from prior session","invocations":1,"location":null,"numPassingAsserts":1,"retryReasons":[],"status":"passed","title":"new session can process IDs from prior session"},{"ancestorTitles":[],"duration":1,"failureDetails":[],"failureMessages":[],"fullName":"routes to citizen report","invocations":1,"location":null,"numPassingAsserts":1,"retryReasons":[],"status":"passed","title":"routes to citizen report"},{"ancestorTitles":[],"duration":0,"failureDetails":[],"failureMessages":[],"fullName":"routes to officer report","invocations":1,"location":null,"numPassingAsserts":1,"retryReasons":[],"status":"passed","title":"routes to officer report"},{"ancestorTitles":[],"duration":0,"failureDetails":[],"failureMessages":[],"fullName":"cold start waits for profile and rejects other account","invocations":1,"location":null,"numPassingAsserts":2,"retryReasons":[],"status":"passed","title":"cold start waits for profile and rejects other account"},{"ancestorTitles":[],"duration":0,"failureDetails":[],"failureMessages":[],"fullName":"invalid report ID falls back to inbox","invocations":1,"location":null,"numPassingAsserts":1,"retryReasons":[],"status":"passed","title":"invalid report ID falls back to inbox"}],"endTime":1789316338942,"message":"","name":"D:\\Traffic_Eye\\src\\services\\__tests__\\notifications.test.js","startTime":1789316338879,"status":"passed","summary":""},{"assertionResults":[{"ancestorTitles":[],"duration":1,"failureDetails":[],"failureMessages":[],"fullName":"enable persists and disable removes exact key","invocations":1,"location":null,"numPassingAsserts":5,"retryReasons":[],"status":"passed","title":"enable persists and disable removes exact key"},{"ancestorTitles":[],"duration":3,"failureDetails":[],"failureMessages":[],"fullName":"storage failures propagated","invocations":1,"location":null,"numPassingAsserts":1,"retryReasons":[],"status":"passed","title":"storage failures propagated"},{"ancestorTitles":[],"duration":3,"failureDetails":[],"failureMessages":[],"fullName":"cached evidence/results explicit synthetic and fractional confidence","invocations":1,"location":null,"numPassingAsserts":3,"retryReasons":[],"status":"passed","title":"cached evidence/results explicit synthetic and fractional confidence"},{"ancestorTitles":[],"duration":0,"failureDetails":[],"failureMessages":[],"fullName":"either marker blocks saving","invocations":1,"location":null,"numPassingAsserts":3,"retryReasons":[],"status":"passed","title":"either marker blocks saving"}],"endTime":1789316339003,"message":"","name":"D:\\Traffic_Eye\\tests\\demoMode.test.js","startTime":1789316338947,"status":"passed","summary":""},{"assertionResults":[{"ancestorTitles":[],"duration":1,"failureDetails":[],"failureMessages":[],"fullName":"guide has exactly ten ordered sections without a duplicated tail","invocations":1,"location":null,"numPassingAsserts":2,"retryReasons":[],"status":"passed","title":"guide has exactly ten ordered sections without a duplicated tail"},{"ancestorTitles":[],"duration":2,"failureDetails":[],"failureMessages":[],"fullName":"original AI SQL is included verbatim and the provider correction is separate","invocations":1,"location":null,"numPassingAsserts":2,"retryReasons":[],"status":"passed","title":"original AI SQL is included verbatim and the provider correction is separate"},{"ancestorTitles":[],"duration":0,"failureDetails":[],"failureMessages":[],"fullName":"review recommendation retains the complete routing check and exactly one notification insert","invocations":1,"location":null,"numPassingAsserts":7,"retryReasons":[],"status":"passed","title":"review recommendation retains the complete routing check and exactly one notification insert"},{"ancestorTitles":[],"duration":0,"failureDetails":[],"failureMessages":[],"fullName":"signup ignores metadata roles and routing fields are protected separately","invocations":1,"location":null,"numPassingAsserts":4,"retryReasons":[],"status":"passed","title":"signup ignores metadata roles and routing fields are protected separately"},{"ancestorTitles":[],"duration":0,"failureDetails":[],"failureMessages":[],"fullName":"seed is insert-only, serialized and preserves completed data on rerun","invocations":1,"location":null,"numPassingAsserts":5,"retryReasons":[],"status":"passed","title":"seed is insert-only, serialized and preserves completed data on rerun"}],"endTime":1789316339065,"message":"","name":"D:\\Traffic_Eye\\tests\\docs\\supabaseGuide.test.js","startTime":1789316339010,"status":"passed","summary":""},{"assertionResults":[{"ancestorTitles":[],"duration":1,"failureDetails":[],"failureMessages":[],"fullName":"insufficient points exact shortfall","invocations":1,"location":null,"numPassingAsserts":1,"retryReasons":[],"status":"passed","title":"insufficient points exact shortfall"},{"ancestorTitles":[],"duration":0,"failureDetails":[],"failureMessages":[],"fullName":"already redeemed blocks second redemption","invocations":1,"location":null,"numPassingAsserts":1,"retryReasons":[],"status":"passed","title":"already redeemed blocks second redemption"},{"ancestorTitles":[],"duration":0,"failureDetails":[],"failureMessages":[],"fullName":"unavailable {\"pts\":10,\"available\":false}","invocations":1,"location":null,"numPassingAsserts":1,"retryReasons":[],"status":"passed","title":"unavailable {\"pts\":10,\"available\":false}"},{"ancestorTitles":[],"duration":0,"failureDetails":[],"failureMessages":[],"fullName":"unavailable {\"pts\":10,\"is_active\":false}","invocations":1,"location":null,"numPassingAsserts":1,"retryReasons":[],"status":"passed","title":"unavailable {\"pts\":10,\"is_active\":false}"},{"ancestorTitles":[],"duration":0,"failureDetails":[],"failureMessages":[],"fullName":"unavailable {\"pts\":10,\"stock\":0}","invocations":1,"location":null,"numPassingAsserts":1,"retryReasons":[],"status":"passed","title":"unavailable {\"pts\":10,\"stock\":0}"},{"ancestorTitles":[],"duration":0,"failureDetails":[],"failureMessages":[],"fullName":"unavailable {\"pts\":0}","invocations":1,"location":null,"numPassingAsserts":1,"retryReasons":[],"status":"passed","title":"unavailable {\"pts\":0}"},{"ancestorTitles":[],"duration":0,"failureDetails":[],"failureMessages":[],"fullName":"unavailable {\"pts\":null}","invocations":1,"location":null,"numPassingAsserts":1,"retryReasons":[],"status":"passed","title":"unavailable {\"pts\":null}"},{"ancestorTitles":[],"duration":0,"failureDetails":[],"failureMessages":[],"fullName":"exact balance allows redemption","invocations":1,"location":null,"numPassingAsserts":1,"retryReasons":[],"status":"passed","title":"exact balance allows redemption"}],"endTime":1789316339120,"message":"","name":"D:\\Traffic_Eye\\src\\screens\\citizen\\__tests__\\Rewards.test.js","startTime":1789316339071,"status":"passed","summary":""},{"assertionResults":[{"ancestorTitles":[],"duration":1,"failureDetails":[],"failureMessages":[],"fullName":"severity multi-select","invocations":1,"location":null,"numPassingAsserts":1,"retryReasons":[],"status":"passed","title":"severity multi-select"},{"ancestorTitles":[],"duration":0,"failureDetails":[],"failureMessages":[],"fullName":"today uses actual submission dates","invocations":1,"location":null,"numPassingAsserts":1,"retryReasons":[],"status":"passed","title":"today uses actual submission dates"},{"ancestorTitles":[],"duration":0,"failureDetails":[],"failureMessages":[],"fullName":"week uses actual submission dates","invocations":1,"location":null,"numPassingAsserts":1,"retryReasons":[],"status":"passed","title":"week uses actual submission dates"},{"ancestorTitles":[],"duration":1,"failureDetails":[],"failureMessages":[],"fullName":"month uses actual submission dates","invocations":1,"location":null,"numPassingAsserts":1,"retryReasons":[],"status":"passed","title":"month uses actual submission dates"},{"ancestorTitles":[],"duration":0,"failureDetails":[],"failureMessages":[],"fullName":"all uses actual submission dates","invocations":1,"location":null,"numPassingAsserts":1,"retryReasons":[],"status":"passed","title":"all uses actual submission dates"},{"ancestorTitles":[],"duration":0,"failureDetails":[],"failureMessages":[],"fullName":"no selected severities is empty","invocations":1,"location":null,"numPassingAsserts":1,"retryReasons":[],"status":"passed","title":"no selected severities is empty"},{"ancestorTitles":[],"duration":0,"failureDetails":[],"failureMessages":[],"fullName":"invalid/future dates excluded from bounded ranges","invocations":1,"location":null,"numPassingAsserts":1,"retryReasons":[],"status":"passed","title":"invalid/future dates excluded from bounded ranges"}],"endTime":1789316339182,"message":"","name":"D:\\Traffic_Eye\\src\\screens\\officer\\__tests__\\ViolationHeatmap.test.js","startTime":1789316339135,"status":"passed","summary":""}],"wasInterrupted":false}
