{"numFailedTestSuites":0,"numFailedTests":0,"numPassedTestSuites":24,"numPassedTests":341,"numPendingTestSuites":0,"numPendingTests":0,"numRuntimeErrorTestSuites":0,"numTodoTests":8,"numTotalTestSuites":24,"numTotalTests":349,"openHandles":[],"snapshot":{"added":0,"didUpdate":false,"failure":false,"filesAdded":0,"filesRemoved":0,"filesRemovedList":[],"filesUnmatched":0,"filesUpdated":0,"matched":0,"total":0,"unchecked":0,"uncheckedKeysByFile":[],"unmatched":0,"updated":0},"startTime":1789379935400,"success":true,"testResults":[{"assertionResults":[{"ancestorTitles":[],"duration":2,"failureDetails":[],"failureMessages":[],"fullName":"required fields produce three inline errors","invocations":1,"location":null,"numPassingAsserts":1,"retryReasons":[],"status":"passed","title":"required fields produce three inline errors"},{"ancestorTitles":[],"duration":1390,"failureDetails":[],"failureMessages":[],"fullName":"missing evidence/location/address disables Continue and blocks handler","invocations":1,"location":null,"numPassingAsserts":3,"retryReasons":[],"status":"passed","title":"missing evidence/location/address disables Continue and blocks handler"},{"ancestorTitles":[],"duration":17,"failureDetails":[],"failureMessages":[],"fullName":"valid fields enable Continue and preserve coordinates","invocations":1,"location":null,"numPassingAsserts":3,"retryReasons":[],"status":"passed","title":"valid fields enable Continue and preserve coordinates"},{"ancestorTitles":[],"duration":18,"failureDetails":[],"failureMessages":[],"fullName":"camera denied offers Open Settings recovery","invocations":1,"location":null,"numPassingAsserts":3,"retryReasons":[],"status":"passed","title":"camera denied offers Open Settings recovery"},{"ancestorTitles":[],"duration":13,"failureDetails":[],"failureMessages":[],"fullName":"demo continues with bundled synthetic data and no real capture","invocations":1,"location":null,"numPassingAsserts":2,"retryReasons":[],"status":"passed","title":"demo continues with bundled synthetic data and no real capture"},{"ancestorTitles":[],"duration":0,"failureDetails":[],"failureMessages":[],"fullName":"invalid coordinates block submit {\"latitude\":null,\"longitude\":0}","invocations":1,"location":null,"numPassingAsserts":1,"retryReasons":[],"status":"passed","title":"invalid coordinates block submit {\"latitude\":null,\"longitude\":0}"},{"ancestorTitles":[],"duration":0,"failureDetails":[],"failureMessages":[],"fullName":"invalid coordinates block submit {\"latitude\":91,\"longitude\":0}","invocations":1,"location":null,"numPassingAsserts":1,"retryReasons":[],"status":"passed","title":"invalid coordinates block submit {\"latitude\":91,\"longitude\":0}"},{"ancestorTitles":[],"duration":1,"failureDetails":[],"failureMessages":[],"fullName":"invalid coordinates block submit {\"latitude\":0,\"longitude\":181}","invocations":1,"location":null,"numPassingAsserts":1,"retryReasons":[],"status":"passed","title":"invalid coordinates block submit {\"latitude\":0,\"longitude\":181}"}],"endTime":1789379943459,"message":"","name":"D:\\Traffic_Eye\\src\\screens\\citizen\\__tests__\\NewReport.test.js","startTime":1789379937237,"status":"passed","summary":""},{"assertionResults":[{"ancestorTitles":[],"duration":151,"failureDetails":[],"failureMessages":[],"fullName":"insufficient points disable the card with the exact shortfall","invocations":1,"location":null,"numPassingAsserts":1,"retryReasons":[],"status":"passed","title":"insufficient points disable the card with the exact shortfall"},{"ancestorTitles":[],"duration":84,"failureDetails":[],"failureMessages":[],"fullName":"rapid confirmation invokes one server redemption and shows the coupon","invocations":1,"location":null,"numPassingAsserts":2,"retryReasons":[],"status":"passed","title":"rapid confirmation invokes one server redemption and shows the coupon"},{"ancestorTitles":[],"duration":25,"failureDetails":[],"failureMessages":[],"fullName":"server failure is visible and leaves redemption retryable","invocations":1,"location":null,"numPassingAsserts":2,"retryReasons":[],"status":"passed","title":"server failure is visible and leaves redemption retryable"},{"ancestorTitles":[],"duration":18,"failureDetails":[],"failureMessages":[],"fullName":"already-redeemed item opens its existing coupon without another redemption","invocations":1,"location":null,"numPassingAsserts":2,"retryReasons":[],"status":"passed","title":"already-redeemed item opens its existing coupon without another redemption"}],"endTime":1789379943852,"message":"","name":"D:\\Traffic_Eye\\src\\screens\\citizen\\__tests__\\RewardsScreen.test.js","startTime":1789379943479,"status":"passed","summary":""},{"assertionResults":[{"ancestorTitles":["fail-closed activity validation"],"duration":2,"failureDetails":[],"failureMessages":[],"fullName":"fail-closed activity validation blocks malformed rows/count: null / null","invocations":1,"location":null,"numPassingAsserts":1,"retryReasons":[],"status":"passed","title":"blocks malformed rows/count: null / null"},{"ancestorTitles":["fail-closed activity validation"],"duration":1,"failureDetails":[],"failureMessages":[],"fullName":"fail-closed activity validation blocks malformed rows/count: null / 0","invocations":1,"location":null,"numPassingAsserts":1,"retryReasons":[],"status":"passed","title":"blocks malformed rows/count: null / 0"},{"ancestorTitles":["fail-closed activity validation"],"duration":0,"failureDetails":[],"failureMessages":[],"fullName":"fail-closed activity validation blocks malformed rows/count: [] / null","invocations":1,"location":null,"numPassingAsserts":1,"retryReasons":[],"status":"passed","title":"blocks malformed rows/count: [] / null"},{"ancestorTitles":["fail-closed activity validation"],"duration":0,"failureDetails":[],"failureMessages":[],"fullName":"fail-closed activity validation blocks malformed rows/count: [] / -1","invocations":1,"location":null,"numPassingAsserts":1,"retryReasons":[],"status":"passed","title":"blocks malformed rows/count: [] / -1"},{"ancestorTitles":["fail-closed activity validation"],"duration":1,"failureDetails":[],"failureMessages":[],"fullName":"fail-closed activity validation blocks malformed rows/count: [] / null","invocations":1,"location":null,"numPassingAsserts":1,"retryReasons":[],"status":"passed","title":"blocks malformed rows/count: [] / null"},{"ancestorTitles":["fail-closed activity validation"],"duration":0,"failureDetails":[],"failureMessages":[],"fullName":"fail-closed activity validation blocks malformed rows/count: [] / \"0\"","invocations":1,"location":null,"numPassingAsserts":1,"retryReasons":[],"status":"passed","title":"blocks malformed rows/count: [] / \"0\""},{"ancestorTitles":["fail-closed activity validation"],"duration":0,"failureDetails":[],"failureMessages":[],"fullName":"fail-closed activity validation blocks malformed rows/count: {} / 0","invocations":1,"location":null,"numPassingAsserts":1,"retryReasons":[],"status":"passed","title":"blocks malformed rows/count: {} / 0"},{"ancestorTitles":["fail-closed activity validation"],"duration":0,"failureDetails":[],"failureMessages":[],"fullName":"fail-closed activity validation allows a verified zero count","invocations":1,"location":null,"numPassingAsserts":1,"retryReasons":[],"status":"passed","title":"allows a verified zero count"},{"ancestorTitles":["fail-closed activity validation"],"duration":1,"failureDetails":[],"failureMessages":[],"fullName":"fail-closed activity validation blocks a known limit even when no timestamp row is returned","invocations":1,"location":null,"numPassingAsserts":1,"retryReasons":[],"status":"passed","title":"blocks a known limit even when no timestamp row is returned"},{"ancestorTitles":["fail-closed activity validation"],"duration":0,"failureDetails":[],"failureMessages":[],"fullName":"fail-closed activity validation returns a bounded reset window for the oldest report","invocations":1,"location":null,"numPassingAsserts":1,"retryReasons":[],"status":"passed","title":"returns a bounded reset window for the oldest report"},{"ancestorTitles":["fail-closed activity validation"],"duration":0,"failureDetails":[],"failureMessages":[],"fullName":"fail-closed activity validation blocks returned/thrown failures (false) without logging detail","invocations":1,"location":null,"numPassingAsserts":2,"retryReasons":[],"status":"passed","title":"blocks returned/thrown failures (false) without logging detail"},{"ancestorTitles":["fail-closed activity validation"],"duration":0,"failureDetails":[],"failureMessages":[],"fullName":"fail-closed activity validation blocks returned/thrown failures (true) without logging detail","invocations":1,"location":null,"numPassingAsserts":2,"retryReasons":[],"status":"passed","title":"blocks returned/thrown failures (true) without logging detail"},{"ancestorTitles":["fail-closed activity validation"],"duration":0,"failureDetails":[],"failureMessages":[],"fullName":"fail-closed activity validation missing identity makes no request","invocations":1,"location":null,"numPassingAsserts":2,"retryReasons":[],"status":"passed","title":"missing identity makes no request"},{"ancestorTitles":["duplicate validation"],"duration":0,"failureDetails":[],"failureMessages":[],"fullName":"duplicate validation blocks indeterminate RPC data null","invocations":1,"location":null,"numPassingAsserts":1,"retryReasons":[],"status":"passed","title":"blocks indeterminate RPC data null"},{"ancestorTitles":["duplicate validation"],"duration":0,"failureDetails":[],"failureMessages":[],"fullName":"duplicate validation blocks indeterminate RPC data undefined","invocations":1,"location":null,"numPassingAsserts":1,"retryReasons":[],"status":"passed","title":"blocks indeterminate RPC data undefined"},{"ancestorTitles":["duplicate validation"],"duration":0,"failureDetails":[],"failureMessages":[],"fullName":"duplicate validation blocks indeterminate RPC data {}","invocations":1,"location":null,"numPassingAsserts":1,"retryReasons":[],"status":"passed","title":"blocks indeterminate RPC data {}"},{"ancestorTitles":["duplicate validation"],"duration":0,"failureDetails":[],"failureMessages":[],"fullName":"duplicate validation blocks indeterminate RPC data []","invocations":1,"location":null,"numPassingAsserts":1,"retryReasons":[],"status":"passed","title":"blocks indeterminate RPC data []"},{"ancestorTitles":["duplicate validation"],"duration":0,"failureDetails":[],"failureMessages":[],"fullName":"duplicate validation blocks indeterminate RPC data {\"is_duplicate\":\"false\"}","invocations":1,"location":null,"numPassingAsserts":1,"retryReasons":[],"status":"passed","title":"blocks indeterminate RPC data {\"is_duplicate\":\"false\"}"},{"ancestorTitles":["duplicate validation"],"duration":0,"failureDetails":[],"failureMessages":[],"fullName":"duplicate validation blocks indeterminate RPC data {\"is_duplicate\":true}","invocations":1,"location":null,"numPassingAsserts":1,"retryReasons":[],"status":"passed","title":"blocks indeterminate RPC data {\"is_duplicate\":true}"},{"ancestorTitles":["duplicate validation"],"duration":1,"failureDetails":[],"failureMessages":[],"fullName":"duplicate validation normalizes plate and returns a confirmed match","invocations":1,"location":null,"numPassingAsserts":2,"retryReasons":[],"status":"passed","title":"normalizes plate and returns a confirmed match"},{"ancestorTitles":["duplicate validation"],"duration":0,"failureDetails":[],"failureMessages":[],"fullName":"duplicate validation returns verified nonduplicate","invocations":1,"location":null,"numPassingAsserts":1,"retryReasons":[],"status":"passed","title":"returns verified nonduplicate"},{"ancestorTitles":["duplicate validation"],"duration":0,"failureDetails":[],"failureMessages":[],"fullName":"duplicate validation no fabricated plate for null","invocations":1,"location":null,"numPassingAsserts":2,"retryReasons":[],"status":"passed","title":"no fabricated plate for null"},{"ancestorTitles":["duplicate validation"],"duration":0,"failureDetails":[],"failureMessages":[],"fullName":"duplicate validation no fabricated plate for ","invocations":1,"location":null,"numPassingAsserts":2,"retryReasons":[],"status":"passed","title":"no fabricated plate for "},{"ancestorTitles":["duplicate validation"],"duration":0,"failureDetails":[],"failureMessages":[],"fullName":"duplicate validation no fabricated plate for Not detected","invocations":1,"location":null,"numPassingAsserts":2,"retryReasons":[],"status":"passed","title":"no fabricated plate for Not detected"},{"ancestorTitles":["duplicate validation"],"duration":0,"failureDetails":[],"failureMessages":[],"fullName":"duplicate validation no fabricated plate for Not applicable","invocations":1,"location":null,"numPassingAsserts":2,"retryReasons":[],"status":"passed","title":"no fabricated plate for Not applicable"},{"ancestorTitles":["duplicate validation"],"duration":1,"failureDetails":[],"failureMessages":[],"fullName":"duplicate validation no fabricated plate for PLATE_NOT_READABLE","invocations":1,"location":null,"numPassingAsserts":2,"retryReasons":[],"status":"passed","title":"no fabricated plate for PLATE_NOT_READABLE"},{"ancestorTitles":["duplicate validation"],"duration":0,"failureDetails":[],"failureMessages":[],"fullName":"duplicate validation no fabricated plate for N/A","invocations":1,"location":null,"numPassingAsserts":2,"retryReasons":[],"status":"passed","title":"no fabricated plate for N/A"},{"ancestorTitles":["duplicate validation"],"duration":0,"failureDetails":[],"failureMessages":[],"fullName":"duplicate validation fails closed on RPC errors (false)","invocations":1,"location":null,"numPassingAsserts":2,"retryReasons":[],"status":"passed","title":"fails closed on RPC errors (false)"},{"ancestorTitles":["duplicate validation"],"duration":1,"failureDetails":[],"failureMessages":[],"fullName":"duplicate validation fails closed on RPC errors (true)","invocations":1,"location":null,"numPassingAsserts":2,"retryReasons":[],"status":"passed","title":"fails closed on RPC errors (true)"},{"ancestorTitles":["duplicate validation"],"duration":0,"failureDetails":[],"failureMessages":[],"fullName":"duplicate validation malformed plate types are indeterminate","invocations":1,"location":null,"numPassingAsserts":1,"retryReasons":[],"status":"passed","title":"malformed plate types are indeterminate"},{"ancestorTitles":["canonical submission"],"duration":4,"failureDetails":[],"failureMessages":[],"fullName":"canonical submission validates before upload, normalizes final plate and strips privileged workflow input","invocations":1,"location":null,"numPassingAsserts":8,"retryReasons":[],"status":"passed","title":"validates before upload, normalizes final plate and strips privileged workflow input"},{"ancestorTitles":["canonical submission"],"duration":0,"failureDetails":[],"failureMessages":[],"fullName":"canonical submission rejects invalid inputs before I/O: {\"userId\":null}","invocations":1,"location":null,"numPassingAsserts":3,"retryReasons":[],"status":"passed","title":"rejects invalid inputs before I/O: {\"userId\":null}"},{"ancestorTitles":["canonical submission"],"duration":0,"failureDetails":[],"failureMessages":[],"fullName":"canonical submission rejects invalid inputs before I/O: {\"report\":null}","invocations":1,"location":null,"numPassingAsserts":3,"retryReasons":[],"status":"passed","title":"rejects invalid inputs before I/O: {\"report\":null}"},{"ancestorTitles":["canonical submission"],"duration":0,"failureDetails":[],"failureMessages":[],"fullName":"canonical submission rejects invalid inputs before I/O: {\"report\":[]}","invocations":1,"location":null,"numPassingAsserts":3,"retryReasons":[],"status":"passed","title":"rejects invalid inputs before I/O: {\"report\":[]}"},{"ancestorTitles":["canonical submission"],"duration":0,"failureDetails":[],"failureMessages":[],"fullName":"canonical submission rejects invalid inputs before I/O: {\"report\":{\"violation_type\":\"No Helmet\",\"vehicle_number\":\"MH 12 AB 1234\",\"latitude\":null,\"longitude\":72.85,\"severity\":\"high\"}}","invocations":1,"location":null,"numPassingAsserts":3,"retryReasons":[],"status":"passed","title":"rejects invalid inputs before I/O: {\"report\":{\"violation_type\":\"No Helmet\",\"vehicle_number\":\"MH 12 AB 1234\",\"latitude\":null,\"longitude\":72.85,\"severity\":\"high\"}}"},{"ancestorTitles":["canonical submission"],"duration":1,"failureDetails":[],"failureMessages":[],"fullName":"canonical submission rejects invalid inputs before I/O: {\"report\":{\"violation_type\":\"No Helmet\",\"vehicle_number\":\"MH 12 AB 1234\",\"latitude\":19.08,\"longitude\":181,\"severity\":\"high\"}}","invocations":1,"location":null,"numPassingAsserts":3,"retryReasons":[],"status":"passed","title":"rejects invalid inputs before I/O: {\"report\":{\"violation_type\":\"No Helmet\",\"vehicle_number\":\"MH 12 AB 1234\",\"latitude\":19.08,\"longitude\":181,\"severity\":\"high\"}}"},{"ancestorTitles":["canonical submission"],"duration":0,"failureDetails":[],"failureMessages":[],"fullName":"canonical submission rejects invalid inputs before I/O: {\"report\":{\"violation_type\":\"\",\"vehicle_number\":\"MH 12 AB 1234\",\"latitude\":19.08,\"longitude\":72.85,\"severity\":\"high\"}}","invocations":1,"location":null,"numPassingAsserts":3,"retryReasons":[],"status":"passed","title":"rejects invalid inputs before I/O: {\"report\":{\"violation_type\":\"\",\"vehicle_number\":\"MH 12 AB 1234\",\"latitude\":19.08,\"longitude\":72.85,\"severity\":\"high\"}}"},{"ancestorTitles":["canonical submission"],"duration":0,"failureDetails":[],"failureMessages":[],"fullName":"canonical submission rejects invalid inputs before I/O: {\"media\":null}","invocations":1,"location":null,"numPassingAsserts":3,"retryReasons":[],"status":"passed","title":"rejects invalid inputs before I/O: {\"media\":null}"},{"ancestorTitles":["canonical submission"],"duration":0,"failureDetails":[],"failureMessages":[],"fullName":"canonical submission rejects invalid inputs before I/O: {\"media\":{\"uri\":\"file:///a.gif\",\"mimeType\":\"image/gif\"}}","invocations":1,"location":null,"numPassingAsserts":3,"retryReasons":[],"status":"passed","title":"rejects invalid inputs before I/O: {\"media\":{\"uri\":\"file:///a.gif\",\"mimeType\":\"image/gif\"}}"},{"ancestorTitles":["canonical submission"],"duration":1,"failureDetails":[],"failureMessages":[],"fullName":"canonical submission rejects invalid inputs before I/O: {\"media\":{\"uri\":\"file:///synthetic.jpg?access=synthetic\",\"mimeType\":\"video/mp4\",\"fileType\":\"image\"}}","invocations":1,"location":null,"numPassingAsserts":3,"retryReasons":[],"status":"passed","title":"rejects invalid inputs before I/O: {\"media\":{\"uri\":\"file:///synthetic.jpg?access=synthetic\",\"mimeType\":\"video/mp4\",\"fileType\":\"image\"}}"},{"ancestorTitles":["canonical submission"],"duration":0,"failureDetails":[],"failureMessages":[],"fullName":"canonical submission blocks rate-limit failure before uploading","invocations":1,"location":null,"numPassingAsserts":2,"retryReasons":[],"status":"passed","title":"blocks rate-limit failure before uploading"},{"ancestorTitles":["canonical submission"],"duration":1,"failureDetails":[],"failureMessages":[],"fullName":"canonical submission blocks duplicate-check failure even for manual-review reports","invocations":1,"location":null,"numPassingAsserts":2,"retryReasons":[],"status":"passed","title":"blocks duplicate-check failure even for manual-review reports"},{"ancestorTitles":["canonical submission"],"duration":0,"failureDetails":[],"failureMessages":[],"fullName":"canonical submission preserves confirmed possible-duplicate officer review behavior","invocations":1,"location":null,"numPassingAsserts":2,"retryReasons":[],"status":"passed","title":"preserves confirmed possible-duplicate officer review behavior"},{"ancestorTitles":["canonical submission"],"duration":1,"failureDetails":[],"failureMessages":[],"fullName":"canonical submission upload rejection creates no report","invocations":1,"location":null,"numPassingAsserts":3,"retryReasons":[],"status":"passed","title":"upload rejection creates no report"},{"ancestorTitles":["canonical submission"],"duration":0,"failureDetails":[],"failureMessages":[],"fullName":"canonical submission a timed-out upload retries the same object and accepts an already-uploaded 409","invocations":1,"location":null,"numPassingAsserts":5,"retryReasons":[],"status":"passed","title":"a timed-out upload retries the same object and accepts an already-uploaded 409"},{"ancestorTitles":["canonical submission"],"duration":0,"failureDetails":[],"failureMessages":[],"fullName":"canonical submission definite SQL rejection cleans up the orphan and permits retry","invocations":1,"location":null,"numPassingAsserts":4,"retryReasons":[],"status":"passed","title":"definite SQL rejection cleans up the orphan and permits retry"},{"ancestorTitles":["canonical submission"],"duration":1,"failureDetails":[],"failureMessages":[],"fullName":"canonical submission lost insert response (false) is reconciled without reupload or deletion","invocations":1,"location":null,"numPassingAsserts":6,"retryReasons":[],"status":"passed","title":"lost insert response (false) is reconciled without reupload or deletion"},{"ancestorTitles":["canonical submission"],"duration":1,"failureDetails":[],"failureMessages":[],"fullName":"canonical submission lost insert response (true) is reconciled without reupload or deletion","invocations":1,"location":null,"numPassingAsserts":6,"retryReasons":[],"status":"passed","title":"lost insert response (true) is reconciled without reupload or deletion"},{"ancestorTitles":["canonical submission"],"duration":1,"failureDetails":[],"failureMessages":[],"fullName":"canonical submission unknown reconciliation blocks a new insert","invocations":1,"location":null,"numPassingAsserts":2,"retryReasons":[],"status":"passed","title":"unknown reconciliation blocks a new insert"},{"ancestorTitles":["canonical submission"],"duration":0,"failureDetails":[],"failureMessages":[],"fullName":"canonical submission concurrent taps and repeated success share one operation","invocations":1,"location":null,"numPassingAsserts":4,"retryReasons":[],"status":"passed","title":"concurrent taps and repeated success share one operation"},{"ancestorTitles":["canonical submission"],"duration":1,"failureDetails":[],"failureMessages":[],"fullName":"canonical submission media-link failure (false) preserves the successful report","invocations":1,"location":null,"numPassingAsserts":3,"retryReasons":[],"status":"passed","title":"media-link failure (false) preserves the successful report"},{"ancestorTitles":["canonical submission"],"duration":1,"failureDetails":[],"failureMessages":[],"fullName":"canonical submission media-link failure (true) preserves the successful report","invocations":1,"location":null,"numPassingAsserts":3,"retryReasons":[],"status":"passed","title":"media-link failure (true) preserves the successful report"},{"ancestorTitles":["canonical submission"],"duration":0,"failureDetails":[],"failureMessages":[],"fullName":"canonical submission account changes cannot reuse another owner operation","invocations":1,"location":null,"numPassingAsserts":1,"retryReasons":[],"status":"passed","title":"account changes cannot reuse another owner operation"},{"ancestorTitles":["canonical submission"],"duration":1,"failureDetails":[],"failureMessages":[],"fullName":"canonical submission supports extensionless Android content URIs with explicit MIME","invocations":1,"location":null,"numPassingAsserts":3,"retryReasons":[],"status":"passed","title":"supports extensionless Android content URIs with explicit MIME"},{"ancestorTitles":["canonical submission"],"duration":2,"failureDetails":[],"failureMessages":[],"fullName":"canonical submission preserves content://synthetic.media/43 MIME and extension for extensionless video","invocations":1,"location":null,"numPassingAsserts":2,"retryReasons":[],"status":"passed","title":"preserves content://synthetic.media/43 MIME and extension for extensionless video"},{"ancestorTitles":["canonical submission"],"duration":1,"failureDetails":[],"failureMessages":[],"fullName":"canonical submission preserves content://synthetic.media/44 MIME and extension for extensionless video","invocations":1,"location":null,"numPassingAsserts":2,"retryReasons":[],"status":"passed","title":"preserves content://synthetic.media/44 MIME and extension for extensionless video"},{"ancestorTitles":["media validation and cleanup"],"duration":0,"failureDetails":[],"failureMessages":[],"fullName":"media validation and cleanup rejects invalid size NaN","invocations":1,"location":null,"numPassingAsserts":1,"retryReasons":[],"status":"passed","title":"rejects invalid size NaN"},{"ancestorTitles":["media validation and cleanup"],"duration":0,"failureDetails":[],"failureMessages":[],"fullName":"media validation and cleanup rejects invalid size -1","invocations":1,"location":null,"numPassingAsserts":1,"retryReasons":[],"status":"passed","title":"rejects invalid size -1"},{"ancestorTitles":["media validation and cleanup"],"duration":0,"failureDetails":[],"failureMessages":[],"fullName":"media validation and cleanup rejects invalid size 0","invocations":1,"location":null,"numPassingAsserts":1,"retryReasons":[],"status":"passed","title":"rejects invalid size 0"},{"ancestorTitles":["media validation and cleanup"],"duration":1,"failureDetails":[],"failureMessages":[],"fullName":"media validation and cleanup rejects invalid size 52428801","invocations":1,"location":null,"numPassingAsserts":1,"retryReasons":[],"status":"passed","title":"rejects invalid size 52428801"},{"ancestorTitles":["media validation and cleanup"],"duration":0,"failureDetails":[],"failureMessages":[],"fullName":"media validation and cleanup rejects invalid size 10","invocations":1,"location":null,"numPassingAsserts":1,"retryReasons":[],"status":"passed","title":"rejects invalid size 10"},{"ancestorTitles":["media validation and cleanup"],"duration":0,"failureDetails":[],"failureMessages":[],"fullName":"media validation and cleanup accepts the maximum size","invocations":1,"location":null,"numPassingAsserts":1,"retryReasons":[],"status":"passed","title":"accepts the maximum size"},{"ancestorTitles":["media validation and cleanup"],"duration":1,"failureDetails":[],"failureMessages":[],"fullName":"media validation and cleanup missing path cleanup is a no-op","invocations":1,"location":null,"numPassingAsserts":2,"retryReasons":[],"status":"passed","title":"missing path cleanup is a no-op"},{"ancestorTitles":["media validation and cleanup"],"duration":0,"failureDetails":[],"failureMessages":[],"fullName":"media validation and cleanup cleanup failure is best effort and does not leak storage detail","invocations":1,"location":null,"numPassingAsserts":2,"retryReasons":[],"status":"passed","title":"cleanup failure is best effort and does not leak storage detail"},{"ancestorTitles":["demo isolation and cancellation"],"duration":0,"failureDetails":[],"failureMessages":[],"fullName":"demo isolation and cancellation demo fails before all backend/file calls ({\"demo\":true})","invocations":1,"location":null,"numPassingAsserts":4,"retryReasons":[],"status":"passed","title":"demo fails before all backend/file calls ({\"demo\":true})"},{"ancestorTitles":["demo isolation and cancellation"],"duration":1,"failureDetails":[],"failureMessages":[],"fullName":"demo isolation and cancellation demo fails before all backend/file calls ({\"ai_raw_result\":{\"demo\":true}})","invocations":1,"location":null,"numPassingAsserts":4,"retryReasons":[],"status":"passed","title":"demo fails before all backend/file calls ({\"ai_raw_result\":{\"demo\":true}})"},{"ancestorTitles":["demo isolation and cancellation"],"duration":0,"failureDetails":[],"failureMessages":[],"fullName":"demo isolation and cancellation abort before validation makes no requests","invocations":1,"location":null,"numPassingAsserts":2,"retryReasons":[],"status":"passed","title":"abort before validation makes no requests"},{"ancestorTitles":["demo isolation and cancellation"],"duration":1,"failureDetails":[],"failureMessages":[],"fullName":"demo isolation and cancellation abort during confirmed upload cleans only that object and never inserts","invocations":1,"location":null,"numPassingAsserts":3,"retryReasons":[],"status":"passed","title":"abort during confirmed upload cleans only that object and never inserts"},{"ancestorTitles":["demo isolation and cancellation"],"duration":0,"failureDetails":[],"failureMessages":[],"fullName":"demo isolation and cancellation abort after insert starts retains evidence and confirms success","invocations":1,"location":null,"numPassingAsserts":2,"retryReasons":[],"status":"passed","title":"abort after insert starts retains evidence and confirms success"}],"endTime":1789379943985,"message":"","name":"D:\\Traffic_Eye\\src\\services\\reports\\__tests__\\reports.test.js","startTime":1789379943863,"status":"passed","summary":""},{"assertionResults":[{"ancestorTitles":[],"duration":50,"failureDetails":[],"failureMessages":[],"fullName":"mounts, starts animation loops and passes the exact URI to analysis","invocations":1,"location":null,"numPassingAsserts":7,"retryReasons":[],"status":"passed","title":"mounts, starts animation loops and passes the exact URI to analysis"},{"ancestorTitles":[],"duration":6,"failureDetails":[],"failureMessages":[],"fullName":"failed activity validation blocks all AI and navigation","invocations":1,"location":null,"numPassingAsserts":5,"retryReasons":[],"status":"passed","title":"failed activity validation blocks all AI and navigation"},{"ancestorTitles":[],"duration":7,"failureDetails":[],"failureMessages":[],"fullName":"indeterminate duplicate lookup does not advance","invocations":1,"location":null,"numPassingAsserts":4,"retryReasons":[],"status":"passed","title":"indeterminate duplicate lookup does not advance"},{"ancestorTitles":[],"duration":10,"failureDetails":[],"failureMessages":[],"fullName":"AI unavailable can be explicitly confirmed for manual review","invocations":1,"location":null,"numPassingAsserts":4,"retryReasons":[],"status":"passed","title":"AI unavailable can be explicitly confirmed for manual review"},{"ancestorTitles":[],"duration":10,"failureDetails":[],"failureMessages":[],"fullName":"retry after failure completes a new analysis once","invocations":1,"location":null,"numPassingAsserts":4,"retryReasons":[],"status":"passed","title":"retry after failure completes a new analysis once"},{"ancestorTitles":[],"duration":12,"failureDetails":[],"failureMessages":[],"fullName":"unmount aborts an active analysis and suppresses stale navigation","invocations":1,"location":null,"numPassingAsserts":4,"retryReasons":[],"status":"passed","title":"unmount aborts an active analysis and suppresses stale navigation"},{"ancestorTitles":[],"duration":0,"failureDetails":[],"failureMessages":[],"fullName":"five visual stages map actual pipeline events in order","invocations":1,"location":null,"numPassingAsserts":2,"retryReasons":[],"status":"passed","title":"five visual stages map actual pipeline events in order"}],"endTime":1789379944201,"message":"","name":"D:\\Traffic_Eye\\src\\screens\\shared\\__tests__\\AIProcessing.test.js","startTime":1789379944006,"status":"passed","summary":""},{"assertionResults":[{"ancestorTitles":[],"duration":2,"failureDetails":[],"failureMessages":[],"fullName":"release config has an iOS identifier, EAS profiles, and dedicated notification art","invocations":1,"location":null,"numPassingAsserts":4,"retryReasons":[],"status":"passed","title":"release config has an iOS identifier, EAS profiles, and dedicated notification art"},{"ancestorTitles":[],"duration":32,"failureDetails":[],"failureMessages":[],"fullName":"Android notification icon is a nonempty white silhouette on transparency","invocations":1,"location":null,"numPassingAsserts":4,"retryReasons":[],"status":"passed","title":"Android notification icon is a nonempty white silhouette on transparency"},{"ancestorTitles":[],"duration":138,"failureDetails":[],"failureMessages":[],"fullName":"adaptive icon nontransparent content remains inside the documented safe zone","invocations":1,"location":null,"numPassingAsserts":6,"retryReasons":[],"status":"passed","title":"adaptive icon nontransparent content remains inside the documented safe zone"},{"ancestorTitles":[],"duration":1,"failureDetails":[],"failureMessages":[],"fullName":"native Android manifest disables app-data backup and legacy external storage","invocations":1,"location":null,"numPassingAsserts":2,"retryReasons":[],"status":"passed","title":"native Android manifest disables app-data backup and legacy external storage"},{"ancestorTitles":[],"duration":0,"failureDetails":[],"failureMessages":[],"fullName":"protected AI function remains byte-for-byte unchanged: supabase/functions/ai-analyze/index.ts","invocations":1,"location":null,"numPassingAsserts":1,"retryReasons":[],"status":"passed","title":"protected AI function remains byte-for-byte unchanged: supabase/functions/ai-analyze/index.ts"},{"ancestorTitles":[],"duration":1,"failureDetails":[],"failureMessages":[],"fullName":"protected AI function remains byte-for-byte unchanged: supabase/functions/ai-analyze/providers.ts","invocations":1,"location":null,"numPassingAsserts":1,"retryReasons":[],"status":"passed","title":"protected AI function remains byte-for-byte unchanged: supabase/functions/ai-analyze/providers.ts"}],"endTime":1789379944487,"message":"","name":"D:\\Traffic_Eye\\tests\\releaseConfig.test.js","startTime":1789379944210,"status":"passed","summary":""},{"assertionResults":[{"ancestorTitles":[],"duration":77,"failureDetails":[],"failureMessages":[],"fullName":"native hard limit is 15 seconds and countdown auto-stops once","invocations":1,"location":null,"numPassingAsserts":4,"retryReasons":[],"status":"passed","title":"native hard limit is 15 seconds and countdown auto-stops once"},{"ancestorTitles":[],"duration":6,"failureDetails":[],"failureMessages":[],"fullName":"manual stop returns evidence; retake starts at 15","invocations":1,"location":null,"numPassingAsserts":2,"retryReasons":[],"status":"passed","title":"manual stop returns evidence; retake starts at 15"},{"ancestorTitles":[],"duration":4,"failureDetails":[],"failureMessages":[],"fullName":"cancel discards late camera result","invocations":1,"location":null,"numPassingAsserts":2,"retryReasons":[],"status":"passed","title":"cancel discards late camera result"},{"ancestorTitles":[],"duration":4,"failureDetails":[],"failureMessages":[],"fullName":"unmount stops recorder and timer without late callbacks","invocations":1,"location":null,"numPassingAsserts":2,"retryReasons":[],"status":"passed","title":"unmount stops recorder and timer without late callbacks"},{"ancestorTitles":[],"duration":0,"failureDetails":[],"failureMessages":[],"fullName":"MOV is not mislabeled MP4","invocations":1,"location":null,"numPassingAsserts":1,"retryReasons":[],"status":"passed","title":"MOV is not mislabeled MP4"},{"ancestorTitles":[],"duration":1,"failureDetails":[],"failureMessages":[],"fullName":"video metadata maps file:///camera.mp4 to video/mp4","invocations":1,"location":null,"numPassingAsserts":1,"retryReasons":[],"status":"passed","title":"video metadata maps file:///camera.mp4 to video/mp4"},{"ancestorTitles":[],"duration":0,"failureDetails":[],"failureMessages":[],"fullName":"video metadata maps file:///camera.MOV?asset=1 to video/quicktime","invocations":1,"location":null,"numPassingAsserts":1,"retryReasons":[],"status":"passed","title":"video metadata maps file:///camera.MOV?asset=1 to video/quicktime"},{"ancestorTitles":[],"duration":0,"failureDetails":[],"failureMessages":[],"fullName":"video metadata maps file:///camera.webm to video/webm","invocations":1,"location":null,"numPassingAsserts":1,"retryReasons":[],"status":"passed","title":"video metadata maps file:///camera.webm to video/webm"}],"endTime":1789379944682,"message":"","name":"D:\\Traffic_Eye\\src\\screens\\citizen\\__tests__\\VideoReport.test.js","startTime":1789379944493,"status":"passed","summary":""},{"assertionResults":[{"ancestorTitles":[],"duration":13,"failureDetails":[],"failureMessages":[],"fullName":"authenticated request with no provider keys returns typed NOT_CONFIGURED without spending or reserving","invocations":1,"location":null,"numPassingAsserts":5,"retryReasons":[],"status":"passed","title":"authenticated request with no provider keys returns typed NOT_CONFIGURED without spending or reserving"},{"ancestorTitles":[],"duration":0,"failureDetails":[],"failureMessages":[],"fullName":"missing bearer identity is rejected even when provider is unconfigured ()","invocations":1,"location":null,"numPassingAsserts":3,"retryReasons":[],"status":"passed","title":"missing bearer identity is rejected even when provider is unconfigured ()"},{"ancestorTitles":[],"duration":1,"failureDetails":[],"failureMessages":[],"fullName":"missing bearer identity is rejected even when provider is unconfigured (Basic test)","invocations":1,"location":null,"numPassingAsserts":3,"retryReasons":[],"status":"passed","title":"missing bearer identity is rejected even when provider is unconfigured (Basic test)"},{"ancestorTitles":[],"duration":1,"failureDetails":[],"failureMessages":[],"fullName":"invalid or anonymous Supabase identity cannot use the proxy","invocations":1,"location":null,"numPassingAsserts":3,"retryReasons":[],"status":"passed","title":"invalid or anonymous Supabase identity cannot use the proxy"},{"ancestorTitles":[],"duration":0,"failureDetails":[],"failureMessages":[],"fullName":"invalid or anonymous Supabase identity cannot use the proxy","invocations":1,"location":null,"numPassingAsserts":3,"retryReasons":[],"status":"passed","title":"invalid or anonymous Supabase identity cannot use the proxy"},{"ancestorTitles":[],"duration":1,"failureDetails":[],"failureMessages":[],"fullName":"verified Supabase identity owns the reservation; body IDs/provider settings cannot select it","invocations":1,"location":null,"numPassingAsserts":5,"retryReasons":[],"status":"passed","title":"verified Supabase identity owns the reservation; body IDs/provider settings cannot select it"},{"ancestorTitles":[],"duration":1,"failureDetails":[],"failureMessages":[],"fullName":"quota exhaustion/unavailable ledger blocks providers","invocations":1,"location":null,"numPassingAsserts":3,"retryReasons":[],"status":"passed","title":"quota exhaustion/unavailable ledger blocks providers"},{"ancestorTitles":[],"duration":1,"failureDetails":[],"failureMessages":[],"fullName":"quota exhaustion/unavailable ledger blocks providers","invocations":1,"location":null,"numPassingAsserts":3,"retryReasons":[],"status":"passed","title":"quota exhaustion/unavailable ledger blocks providers"},{"ancestorTitles":[],"duration":0,"failureDetails":[],"failureMessages":[],"fullName":"quota exhaustion/unavailable ledger blocks providers","invocations":1,"location":null,"numPassingAsserts":3,"retryReasons":[],"status":"passed","title":"quota exhaustion/unavailable ledger blocks providers"},{"ancestorTitles":[],"duration":1,"failureDetails":[],"failureMessages":[],"fullName":"failed completion write produces INTERNAL and leaves the reservation counted","invocations":1,"location":null,"numPassingAsserts":3,"retryReasons":[],"status":"passed","title":"failed completion write produces INTERNAL and leaves the reservation counted"},{"ancestorTitles":[],"duration":1,"failureDetails":[],"failureMessages":[],"fullName":"provider error records metrics but never exposes upstream messages/bodies in response or logs","invocations":1,"location":null,"numPassingAsserts":4,"retryReasons":[],"status":"passed","title":"provider error records metrics but never exposes upstream messages/bodies in response or logs"},{"ancestorTitles":[],"duration":1,"failureDetails":[],"failureMessages":[],"fullName":"unexpected SDK failure returns a sanitized typed error","invocations":1,"location":null,"numPassingAsserts":2,"retryReasons":[],"status":"passed","title":"unexpected SDK failure returns a sanitized typed error"},{"ancestorTitles":[],"duration":0,"failureDetails":[],"failureMessages":[],"fullName":"rejects malformed stage inputs before quota or provider calls","invocations":1,"location":null,"numPassingAsserts":3,"retryReasons":[],"status":"passed","title":"rejects malformed stage inputs before quota or provider calls"},{"ancestorTitles":[],"duration":1,"failureDetails":[],"failureMessages":[],"fullName":"rejects malformed stage inputs before quota or provider calls","invocations":1,"location":null,"numPassingAsserts":3,"retryReasons":[],"status":"passed","title":"rejects malformed stage inputs before quota or provider calls"},{"ancestorTitles":[],"duration":0,"failureDetails":[],"failureMessages":[],"fullName":"rejects malformed stage inputs before quota or provider calls","invocations":1,"location":null,"numPassingAsserts":3,"retryReasons":[],"status":"passed","title":"rejects malformed stage inputs before quota or provider calls"},{"ancestorTitles":[],"duration":0,"failureDetails":[],"failureMessages":[],"fullName":"rejects malformed stage inputs before quota or provider calls","invocations":1,"location":null,"numPassingAsserts":3,"retryReasons":[],"status":"passed","title":"rejects malformed stage inputs before quota or provider calls"},{"ancestorTitles":[],"duration":0,"failureDetails":[],"failureMessages":[],"fullName":"rejects malformed stage inputs before quota or provider calls","invocations":1,"location":null,"numPassingAsserts":3,"retryReasons":[],"status":"passed","title":"rejects malformed stage inputs before quota or provider calls"},{"ancestorTitles":[],"duration":28,"failureDetails":[],"failureMessages":[],"fullName":"rejects an oversized streaming body without relying on Content-Length","invocations":1,"location":null,"numPassingAsserts":2,"retryReasons":[],"status":"passed","title":"rejects an oversized streaming body without relying on Content-Length"},{"ancestorTitles":[],"duration":1,"failureDetails":[],"failureMessages":[],"fullName":"requires JSON content type and handles malformed JSON safely","invocations":1,"location":null,"numPassingAsserts":2,"retryReasons":[],"status":"passed","title":"requires JSON content type and handles malformed JSON safely"},{"ancestorTitles":[],"duration":1,"failureDetails":[],"failureMessages":[],"fullName":"preflight and method errors do not invoke auth/providers","invocations":1,"location":null,"numPassingAsserts":3,"retryReasons":[],"status":"passed","title":"preflight and method errors do not invoke auth/providers"}],"endTime":1789379944857,"message":"","name":"D:\\Traffic_Eye\\tests\\ai\\handler.test.ts","startTime":1789379944689,"status":"passed","summary":""},{"assertionResults":[{"ancestorTitles":[],"duration":2,"failureDetails":[],"failureMessages":[],"fullName":"all stages use the retry wrapper and same cancellation signal","invocations":1,"location":null,"numPassingAsserts":6,"retryReasons":[],"status":"passed","title":"all stages use the retry wrapper and same cancellation signal"},{"ancestorTitles":[],"duration":0,"failureDetails":[],"failureMessages":[],"fullName":"cancellation during vision stops the pipeline","invocations":1,"location":null,"numPassingAsserts":2,"retryReasons":[],"status":"passed","title":"cancellation during vision stops the pipeline"},{"ancestorTitles":[],"duration":1,"failureDetails":[],"failureMessages":[],"fullName":"cancellation during ocr stops the pipeline","invocations":1,"location":null,"numPassingAsserts":2,"retryReasons":[],"status":"passed","title":"cancellation during ocr stops the pipeline"},{"ancestorTitles":[],"duration":0,"failureDetails":[],"failureMessages":[],"fullName":"cancellation during audit stops the pipeline","invocations":1,"location":null,"numPassingAsserts":2,"retryReasons":[],"status":"passed","title":"cancellation during audit stops the pipeline"},{"ancestorTitles":[],"duration":1,"failureDetails":[],"failureMessages":[],"fullName":"cancellation during preprocessing prevents paid analysis calls","invocations":1,"location":null,"numPassingAsserts":2,"retryReasons":[],"status":"passed","title":"cancellation during preprocessing prevents paid analysis calls"},{"ancestorTitles":[],"duration":1,"failureDetails":[],"failureMessages":[],"fullName":"unavailable vision produces a manual-review result without invented evidence","invocations":1,"location":null,"numPassingAsserts":3,"retryReasons":[],"status":"passed","title":"unavailable vision produces a manual-review result without invented evidence"}],"endTime":1789379944962,"message":"","name":"D:\\Traffic_Eye\\src\\services\\ai\\__tests__\\pipeline.test.js","startTime":1789379944876,"status":"passed","summary":""},{"assertionResults":[{"ancestorTitles":["production EXIF normalization"],"duration":1,"failureDetails":[],"failureMessages":[],"fullName":"production EXIF normalization parses a numeric decimal","invocations":1,"location":null,"numPassingAsserts":1,"retryReasons":[],"status":"passed","title":"parses a numeric decimal"},{"ancestorTitles":["production EXIF normalization"],"duration":1,"failureDetails":[],"failureMessages":[],"fullName":"production EXIF normalization parses a decimal string","invocations":1,"location":null,"numPassingAsserts":1,"retryReasons":[],"status":"passed","title":"parses a decimal string"},{"ancestorTitles":["production EXIF normalization"],"duration":0,"failureDetails":[],"failureMessages":[],"fullName":"production EXIF normalization parses a rational string","invocations":1,"location":null,"numPassingAsserts":1,"retryReasons":[],"status":"passed","title":"parses a rational string"},{"ancestorTitles":["production EXIF normalization"],"duration":0,"failureDetails":[],"failureMessages":[],"fullName":"production EXIF normalization parses a rational object","invocations":1,"location":null,"numPassingAsserts":1,"retryReasons":[],"status":"passed","title":"parses a rational object"},{"ancestorTitles":["production EXIF normalization"],"duration":0,"failureDetails":[],"failureMessages":[],"fullName":"production EXIF normalization parses a short rational object","invocations":1,"location":null,"numPassingAsserts":1,"retryReasons":[],"status":"passed","title":"parses a short rational object"},{"ancestorTitles":["production EXIF normalization"],"duration":1,"failureDetails":[],"failureMessages":[],"fullName":"production EXIF normalization rejects a missing single value","invocations":1,"location":null,"numPassingAsserts":1,"retryReasons":[],"status":"passed","title":"rejects a missing single value"},{"ancestorTitles":["production EXIF normalization"],"duration":0,"failureDetails":[],"failureMessages":[],"fullName":"production EXIF normalization rejects a null single value","invocations":1,"location":null,"numPassingAsserts":1,"retryReasons":[],"status":"passed","title":"rejects a null single value"},{"ancestorTitles":["production EXIF normalization"],"duration":0,"failureDetails":[],"failureMessages":[],"fullName":"production EXIF normalization rejects a NaN single value","invocations":1,"location":null,"numPassingAsserts":1,"retryReasons":[],"status":"passed","title":"rejects a NaN single value"},{"ancestorTitles":["production EXIF normalization"],"duration":0,"failureDetails":[],"failureMessages":[],"fullName":"production EXIF normalization rejects a infinity single value","invocations":1,"location":null,"numPassingAsserts":1,"retryReasons":[],"status":"passed","title":"rejects a infinity single value"},{"ancestorTitles":["production EXIF normalization"],"duration":0,"failureDetails":[],"failureMessages":[],"fullName":"production EXIF normalization rejects a unparseable single value","invocations":1,"location":null,"numPassingAsserts":1,"retryReasons":[],"status":"passed","title":"rejects a unparseable single value"},{"ancestorTitles":["production EXIF normalization"],"duration":0,"failureDetails":[],"failureMessages":[],"fullName":"production EXIF normalization rejects a zero object denominator single value","invocations":1,"location":null,"numPassingAsserts":1,"retryReasons":[],"status":"passed","title":"rejects a zero object denominator single value"},{"ancestorTitles":["production EXIF normalization"],"duration":1,"failureDetails":[],"failureMessages":[],"fullName":"production EXIF normalization parses numeric DMS","invocations":1,"location":null,"numPassingAsserts":1,"retryReasons":[],"status":"passed","title":"parses numeric DMS"},{"ancestorTitles":["production EXIF normalization"],"duration":0,"failureDetails":[],"failureMessages":[],"fullName":"production EXIF normalization parses rational DMS strings","invocations":1,"location":null,"numPassingAsserts":1,"retryReasons":[],"status":"passed","title":"parses rational DMS strings"},{"ancestorTitles":["production EXIF normalization"],"duration":0,"failureDetails":[],"failureMessages":[],"fullName":"production EXIF normalization parses rational DMS objects","invocations":1,"location":null,"numPassingAsserts":1,"retryReasons":[],"status":"passed","title":"parses rational DMS objects"},{"ancestorTitles":["production EXIF normalization"],"duration":0,"failureDetails":[],"failureMessages":[],"fullName":"production EXIF normalization parses flat rational pairs","invocations":1,"location":null,"numPassingAsserts":1,"retryReasons":[],"status":"passed","title":"parses flat rational pairs"},{"ancestorTitles":["production EXIF normalization"],"duration":0,"failureDetails":[],"failureMessages":[],"fullName":"production EXIF normalization parses spaced rational string","invocations":1,"location":null,"numPassingAsserts":1,"retryReasons":[],"status":"passed","title":"parses spaced rational string"},{"ancestorTitles":["production EXIF normalization"],"duration":0,"failureDetails":[],"failureMessages":[],"fullName":"production EXIF normalization parses compact rational string","invocations":1,"location":null,"numPassingAsserts":1,"retryReasons":[],"status":"passed","title":"parses compact rational string"},{"ancestorTitles":["production EXIF normalization"],"duration":0,"failureDetails":[],"failureMessages":[],"fullName":"production EXIF normalization parses formatted DMS","invocations":1,"location":null,"numPassingAsserts":1,"retryReasons":[],"status":"passed","title":"parses formatted DMS"},{"ancestorTitles":["production EXIF normalization"],"duration":1,"failureDetails":[],"failureMessages":[],"fullName":"production EXIF normalization returns the runtime coordinate field names and aliases","invocations":1,"location":null,"numPassingAsserts":1,"retryReasons":[],"status":"passed","title":"returns the runtime coordinate field names and aliases"},{"ancestorTitles":["production EXIF normalization"],"duration":0,"failureDetails":[],"failureMessages":[],"fullName":"production EXIF normalization supports the {GPS} nested block","invocations":1,"location":null,"numPassingAsserts":1,"retryReasons":[],"status":"passed","title":"supports the {GPS} nested block"},{"ancestorTitles":["production EXIF normalization"],"duration":0,"failureDetails":[],"failureMessages":[],"fullName":"production EXIF normalization supports the GPS nested block","invocations":1,"location":null,"numPassingAsserts":1,"retryReasons":[],"status":"passed","title":"supports the GPS nested block"},{"ancestorTitles":["production EXIF normalization"],"duration":0,"failureDetails":[],"failureMessages":[],"fullName":"production EXIF normalization supports the gps nested block","invocations":1,"location":null,"numPassingAsserts":1,"retryReasons":[],"status":"passed","title":"supports the gps nested block"},{"ancestorTitles":["production EXIF normalization"],"duration":1,"failureDetails":[],"failureMessages":[],"fullName":"production EXIF normalization supports the Gps nested block","invocations":1,"location":null,"numPassingAsserts":1,"retryReasons":[],"status":"passed","title":"supports the Gps nested block"},{"ancestorTitles":["production EXIF normalization"],"duration":0,"failureDetails":[],"failureMessages":[],"fullName":"production EXIF normalization supports the GPSInfo nested block","invocations":1,"location":null,"numPassingAsserts":1,"retryReasons":[],"status":"passed","title":"supports the GPSInfo nested block"},{"ancestorTitles":["production EXIF normalization"],"duration":0,"failureDetails":[],"failureMessages":[],"fullName":"production EXIF normalization applies south and west references to rational DMS","invocations":1,"location":null,"numPassingAsserts":1,"retryReasons":[],"status":"passed","title":"applies south and west references to rational DMS"},{"ancestorTitles":["production EXIF normalization"],"duration":0,"failureDetails":[],"failureMessages":[],"fullName":"production EXIF normalization applies the north reference","invocations":1,"location":null,"numPassingAsserts":1,"retryReasons":[],"status":"passed","title":"applies the north reference"},{"ancestorTitles":["production EXIF normalization"],"duration":0,"failureDetails":[],"failureMessages":[],"fullName":"production EXIF normalization applies the east reference","invocations":1,"location":null,"numPassingAsserts":1,"retryReasons":[],"status":"passed","title":"applies the east reference"},{"ancestorTitles":["production EXIF normalization"],"duration":0,"failureDetails":[],"failureMessages":[],"fullName":"production EXIF normalization applies the south reference","invocations":1,"location":null,"numPassingAsserts":1,"retryReasons":[],"status":"passed","title":"applies the south reference"},{"ancestorTitles":["production EXIF normalization"],"duration":0,"failureDetails":[],"failureMessages":[],"fullName":"production EXIF normalization applies the west reference","invocations":1,"location":null,"numPassingAsserts":1,"retryReasons":[],"status":"passed","title":"applies the west reference"},{"ancestorTitles":["production EXIF normalization"],"duration":1,"failureDetails":[],"failureMessages":[],"fullName":"production EXIF normalization returns unavailable for absent EXIF","invocations":1,"location":null,"numPassingAsserts":1,"retryReasons":[],"status":"passed","title":"returns unavailable for absent EXIF"},{"ancestorTitles":["production EXIF normalization"],"duration":0,"failureDetails":[],"failureMessages":[],"fullName":"production EXIF normalization returns unavailable for undefined EXIF","invocations":1,"location":null,"numPassingAsserts":1,"retryReasons":[],"status":"passed","title":"returns unavailable for undefined EXIF"},{"ancestorTitles":["production EXIF normalization"],"duration":0,"failureDetails":[],"failureMessages":[],"fullName":"production EXIF normalization returns unavailable for empty EXIF","invocations":1,"location":null,"numPassingAsserts":1,"retryReasons":[],"status":"passed","title":"returns unavailable for empty EXIF"},{"ancestorTitles":["production EXIF normalization"],"duration":0,"failureDetails":[],"failureMessages":[],"fullName":"production EXIF normalization returns unavailable for EXIF without GPS","invocations":1,"location":null,"numPassingAsserts":1,"retryReasons":[],"status":"passed","title":"returns unavailable for EXIF without GPS"},{"ancestorTitles":["production EXIF normalization"],"duration":0,"failureDetails":[],"failureMessages":[],"fullName":"production EXIF normalization returns unavailable for partial GPS","invocations":1,"location":null,"numPassingAsserts":1,"retryReasons":[],"status":"passed","title":"returns unavailable for partial GPS"},{"ancestorTitles":["production EXIF normalization"],"duration":0,"failureDetails":[],"failureMessages":[],"fullName":"production EXIF normalization returns unavailable for corrupt GPS","invocations":1,"location":null,"numPassingAsserts":1,"retryReasons":[],"status":"passed","title":"returns unavailable for corrupt GPS"},{"ancestorTitles":["production EXIF normalization"],"duration":0,"failureDetails":[],"failureMessages":[],"fullName":"production EXIF normalization rejects latitude above bounds","invocations":1,"location":null,"numPassingAsserts":1,"retryReasons":[],"status":"passed","title":"rejects latitude above bounds"},{"ancestorTitles":["production EXIF normalization"],"duration":0,"failureDetails":[],"failureMessages":[],"fullName":"production EXIF normalization rejects latitude below bounds","invocations":1,"location":null,"numPassingAsserts":1,"retryReasons":[],"status":"passed","title":"rejects latitude below bounds"},{"ancestorTitles":["production EXIF normalization"],"duration":0,"failureDetails":[],"failureMessages":[],"fullName":"production EXIF normalization rejects longitude above bounds","invocations":1,"location":null,"numPassingAsserts":1,"retryReasons":[],"status":"passed","title":"rejects longitude above bounds"},{"ancestorTitles":["production EXIF normalization"],"duration":0,"failureDetails":[],"failureMessages":[],"fullName":"production EXIF normalization rejects longitude below bounds","invocations":1,"location":null,"numPassingAsserts":1,"retryReasons":[],"status":"passed","title":"rejects longitude below bounds"},{"ancestorTitles":["production EXIF normalization"],"duration":0,"failureDetails":[],"failureMessages":[],"fullName":"production EXIF normalization rejects non-finite latitude","invocations":1,"location":null,"numPassingAsserts":1,"retryReasons":[],"status":"passed","title":"rejects non-finite latitude"},{"ancestorTitles":["production EXIF normalization"],"duration":0,"failureDetails":[],"failureMessages":[],"fullName":"production EXIF normalization rejects non-finite longitude","invocations":1,"location":null,"numPassingAsserts":1,"retryReasons":[],"status":"passed","title":"rejects non-finite longitude"},{"ancestorTitles":["production EXIF normalization"],"duration":0,"failureDetails":[],"failureMessages":[],"fullName":"production EXIF normalization distinguishes missing tags from Android redaction","invocations":1,"location":null,"numPassingAsserts":3,"retryReasons":[],"status":"passed","title":"distinguishes missing tags from Android redaction"},{"ancestorTitles":["production JPEG byte parser"],"duration":1,"failureDetails":[],"failureMessages":[],"fullName":"production JPEG byte parser reads a synthetic JPEG with little-endian GPS TIFF","invocations":1,"location":null,"numPassingAsserts":1,"retryReasons":[],"status":"passed","title":"reads a synthetic JPEG with little-endian GPS TIFF"},{"ancestorTitles":["production JPEG byte parser"],"duration":0,"failureDetails":[],"failureMessages":[],"fullName":"production JPEG byte parser reads a synthetic JPEG with big-endian GPS TIFF","invocations":1,"location":null,"numPassingAsserts":1,"retryReasons":[],"status":"passed","title":"reads a synthetic JPEG with big-endian GPS TIFF"},{"ancestorTitles":["production JPEG byte parser"],"duration":1,"failureDetails":[],"failureMessages":[],"fullName":"production JPEG byte parser applies south/west from the binary fixture","invocations":1,"location":null,"numPassingAsserts":1,"retryReasons":[],"status":"passed","title":"applies south/west from the binary fixture"},{"ancestorTitles":["production JPEG byte parser"],"duration":0,"failureDetails":[],"failureMessages":[],"fullName":"production JPEG byte parser returns unavailable for missing bytes","invocations":1,"location":null,"numPassingAsserts":1,"retryReasons":[],"status":"passed","title":"returns unavailable for missing bytes"},{"ancestorTitles":["production JPEG byte parser"],"duration":0,"failureDetails":[],"failureMessages":[],"fullName":"production JPEG byte parser returns unavailable for empty bytes","invocations":1,"location":null,"numPassingAsserts":1,"retryReasons":[],"status":"passed","title":"returns unavailable for empty bytes"},{"ancestorTitles":["production JPEG byte parser"],"duration":0,"failureDetails":[],"failureMessages":[],"fullName":"production JPEG byte parser returns unavailable for short JPEG","invocations":1,"location":null,"numPassingAsserts":1,"retryReasons":[],"status":"passed","title":"returns unavailable for short JPEG"},{"ancestorTitles":["production JPEG byte parser"],"duration":0,"failureDetails":[],"failureMessages":[],"fullName":"production JPEG byte parser returns unavailable for non-JPEG bytes","invocations":1,"location":null,"numPassingAsserts":1,"retryReasons":[],"status":"passed","title":"returns unavailable for non-JPEG bytes"},{"ancestorTitles":["production extraction pipeline with mocked platform I/O"],"duration":1,"failureDetails":[],"failureMessages":[],"fullName":"production extraction pipeline with mocked platform I/O does not fabricate a result for an absent selection","invocations":1,"location":null,"numPassingAsserts":2,"retryReasons":[],"status":"passed","title":"does not fabricate a result for an absent selection"},{"ancestorTitles":["production extraction pipeline with mocked platform I/O"],"duration":1,"failureDetails":[],"failureMessages":[],"fullName":"production extraction pipeline with mocked platform I/O labels valid picker metadata as picker-copy EXIF after permission denial","invocations":1,"location":null,"numPassingAsserts":2,"retryReasons":[],"status":"passed","title":"labels valid picker metadata as picker-copy EXIF after permission denial"},{"ancestorTitles":["production extraction pipeline with mocked platform I/O"],"duration":0,"failureDetails":[],"failureMessages":[],"fullName":"production extraction pipeline with mocked platform I/O permission rejection reaches the actual picker fallback without throwing","invocations":1,"location":null,"numPassingAsserts":1,"retryReasons":[],"status":"passed","title":"permission rejection reaches the actual picker fallback without throwing"},{"ancestorTitles":["production extraction pipeline with mocked platform I/O"],"duration":1,"failureDetails":[],"failureMessages":[],"fullName":"production extraction pipeline with mocked platform I/O iOS camera metadata without GPS remains unavailable","invocations":1,"location":null,"numPassingAsserts":2,"retryReasons":[],"status":"passed","title":"iOS camera metadata without GPS remains unavailable"},{"ancestorTitles":["production extraction pipeline with mocked platform I/O"],"duration":0,"failureDetails":[],"failureMessages":[],"fullName":"production extraction pipeline with mocked platform I/O reads the exact supplied MediaLibrary asset ID without a gallery search","invocations":1,"location":null,"numPassingAsserts":3,"retryReasons":[],"status":"passed","title":"reads the exact supplied MediaLibrary asset ID without a gallery search"},{"ancestorTitles":["production extraction pipeline with mocked platform I/O"],"duration":1,"failureDetails":[],"failureMessages":[],"fullName":"production extraction pipeline with mocked platform I/O parses JPEG fixture bytes through the real file-read fallback","invocations":1,"location":null,"numPassingAsserts":2,"retryReasons":[],"status":"passed","title":"parses JPEG fixture bytes through the real file-read fallback"},{"ancestorTitles":["production extraction pipeline with mocked platform I/O"],"duration":1,"failureDetails":[],"failureMessages":[],"fullName":"production extraction pipeline with mocked platform I/O does not JPEG-parse picker bytes marked image/png","invocations":1,"location":null,"numPassingAsserts":3,"retryReasons":[],"status":"passed","title":"does not JPEG-parse picker bytes marked image/png"},{"ancestorTitles":["production extraction pipeline with mocked platform I/O"],"duration":1,"failureDetails":[],"failureMessages":[],"fullName":"production extraction pipeline with mocked platform I/O does not JPEG-parse picker bytes marked image/heic","invocations":1,"location":null,"numPassingAsserts":3,"retryReasons":[],"status":"passed","title":"does not JPEG-parse picker bytes marked image/heic"},{"ancestorTitles":["production extraction pipeline with mocked platform I/O"],"duration":0,"failureDetails":[],"failureMessages":[],"fullName":"production extraction pipeline with mocked platform I/O does not JPEG-parse picker bytes marked image/heif","invocations":1,"location":null,"numPassingAsserts":3,"retryReasons":[],"status":"passed","title":"does not JPEG-parse picker bytes marked image/heif"},{"ancestorTitles":["production extraction pipeline with mocked platform I/O"],"duration":1,"failureDetails":[],"failureMessages":[],"fullName":"production extraction pipeline with mocked platform I/O does not JPEG-parse picker bytes marked image/webp","invocations":1,"location":null,"numPassingAsserts":3,"retryReasons":[],"status":"passed","title":"does not JPEG-parse picker bytes marked image/webp"},{"ancestorTitles":["production extraction pipeline with mocked platform I/O"],"duration":0,"failureDetails":[],"failureMessages":[],"fullName":"production extraction pipeline with mocked platform I/O passes decoded file bytes to the production Crypto.digest path","invocations":1,"location":null,"numPassingAsserts":4,"retryReasons":[],"status":"passed","title":"passes decoded file bytes to the production Crypto.digest path"},{"ancestorTitles":["EXIF diagnostics privacy"],"duration":1,"failureDetails":[],"failureMessages":[],"fullName":"EXIF diagnostics privacy parsing does not log raw EXIF or coordinates","invocations":1,"location":null,"numPassingAsserts":3,"retryReasons":[],"status":"passed","title":"parsing does not log raw EXIF or coordinates"},{"ancestorTitles":["EXIF diagnostics privacy"],"duration":0,"failureDetails":[],"failureMessages":[],"fullName":"EXIF diagnostics privacy development diagnostics contain only boolean availability flags","invocations":1,"location":null,"numPassingAsserts":2,"retryReasons":[],"status":"passed","title":"development diagnostics contain only boolean availability flags"},{"ancestorTitles":["EXIF diagnostics privacy"],"duration":0,"failureDetails":[],"failureMessages":[],"fullName":"EXIF diagnostics privacy production diagnostics are silent","invocations":1,"location":null,"numPassingAsserts":1,"retryReasons":[],"status":"passed","title":"production diagnostics are silent"},{"ancestorTitles":["EXIF diagnostics privacy"],"duration":1,"failureDetails":[],"failureMessages":[],"fullName":"EXIF diagnostics privacy platform errors containing a URI are not echoed","invocations":1,"location":null,"numPassingAsserts":2,"retryReasons":[],"status":"passed","title":"platform errors containing a URI are not echoed"},{"ancestorTitles":["deferred Phase 4 EXIF repair requirements"],"duration":null,"failureDetails":[],"failureMessages":[],"fullName":"deferred Phase 4 EXIF repair requirements accept valid numeric zero latitude and zero longitude through the complete parser","invocations":1,"location":null,"numPassingAsserts":0,"retryReasons":[],"status":"todo","title":"accept valid numeric zero latitude and zero longitude through the complete parser"},{"ancestorTitles":["deferred Phase 4 EXIF repair requirements"],"duration":null,"failureDetails":[],"failureMessages":[],"fullName":"deferred Phase 4 EXIF repair requirements accept inherently signed decimal GPS without hemisphere refs","invocations":1,"location":null,"numPassingAsserts":0,"retryReasons":[],"status":"todo","title":"accept inherently signed decimal GPS without hemisphere refs"},{"ancestorTitles":["deferred Phase 4 EXIF repair requirements"],"duration":null,"failureDetails":[],"failureMessages":[],"fullName":"deferred Phase 4 EXIF repair requirements reject trailing junk, zero string denominators, invalid DMS ranges, and contradictory refs","invocations":1,"location":null,"numPassingAsserts":0,"retryReasons":[],"status":"todo","title":"reject trailing junk, zero string denominators, invalid DMS ranges, and contradictory refs"},{"ancestorTitles":["deferred Phase 4 EXIF repair requirements"],"duration":null,"failureDetails":[],"failureMessages":[],"fullName":"deferred Phase 4 EXIF repair requirements bound all JPEG/TIFF reads and continue past non-EXIF APP1 segments","invocations":1,"location":null,"numPassingAsserts":0,"retryReasons":[],"status":"todo","title":"bound all JPEG/TIFF reads and continue past non-EXIF APP1 segments"},{"ancestorTitles":["deferred Phase 4 EXIF repair requirements"],"duration":null,"failureDetails":[],"failureMessages":[],"fullName":"deferred Phase 4 EXIF repair requirements preserve full URI query parameters through extraction and hashing","invocations":1,"location":null,"numPassingAsserts":0,"retryReasons":[],"status":"todo","title":"preserve full URI query parameters through extraction and hashing"},{"ancestorTitles":["deferred Phase 4 EXIF repair requirements"],"duration":null,"failureDetails":[],"failureMessages":[],"fullName":"deferred Phase 4 EXIF repair requirements never resolve a null asset ID by filename, dimensions, or recent-gallery heuristics","invocations":1,"location":null,"numPassingAsserts":0,"retryReasons":[],"status":"todo","title":"never resolve a null asset ID by filename, dimensions, or recent-gallery heuristics"},{"ancestorTitles":["deferred Phase 4 EXIF repair requirements"],"duration":null,"failureDetails":[],"failureMessages":[],"fullName":"deferred Phase 4 EXIF repair requirements never replace a raw-byte hash with a hash of base64 text when Crypto.digest fails","invocations":1,"location":null,"numPassingAsserts":0,"retryReasons":[],"status":"todo","title":"never replace a raw-byte hash with a hash of base64 text when Crypto.digest fails"},{"ancestorTitles":["deferred Phase 4 EXIF repair requirements"],"duration":null,"failureDetails":[],"failureMessages":[],"fullName":"deferred Phase 4 EXIF repair requirements consolidate the unused Core/CoreCommonJS parser copies with the production parser","invocations":1,"location":null,"numPassingAsserts":0,"retryReasons":[],"status":"todo","title":"consolidate the unused Core/CoreCommonJS parser copies with the production parser"}],"endTime":1789379945083,"message":"","name":"D:\\Traffic_Eye\\src\\utils\\__tests__\\exifParser.test.js","startTime":1789379944972,"status":"passed","summary":""},{"assertionResults":[{"ancestorTitles":[],"duration":3,"failureDetails":[],"failureMessages":[],"fullName":"permission denial is user-visible and always clears loading","invocations":1,"location":null,"numPassingAsserts":2,"retryReasons":[],"status":"passed","title":"permission denial is user-visible and always clears loading"},{"ancestorTitles":[],"duration":0,"failureDetails":[],"failureMessages":[],"fullName":"late permission result after unmount performs no alert or media launch","invocations":1,"location":null,"numPassingAsserts":2,"retryReasons":[],"status":"passed","title":"late permission result after unmount performs no alert or media launch"},{"ancestorTitles":[],"duration":1,"failureDetails":[],"failureMessages":[],"fullName":"successful image selection returns original metadata without logging it","invocations":1,"location":null,"numPassingAsserts":3,"retryReasons":[],"status":"passed","title":"successful image selection returns original metadata without logging it"}],"endTime":1789379945189,"message":"","name":"D:\\Traffic_Eye\\src\\hooks\\__tests__\\useImagePicker.test.js","startTime":1789379945105,"status":"passed","summary":""},{"assertionResults":[{"ancestorTitles":[],"duration":1,"failureDetails":[],"failureMessages":[],"fullName":"timeline pending","invocations":1,"location":null,"numPassingAsserts":1,"retryReasons":[],"status":"passed","title":"timeline pending"},{"ancestorTitles":[],"duration":0,"failureDetails":[],"failureMessages":[],"fullName":"timeline approved","invocations":1,"location":null,"numPassingAsserts":1,"retryReasons":[],"status":"passed","title":"timeline approved"},{"ancestorTitles":[],"duration":0,"failureDetails":[],"failureMessages":[],"fullName":"timeline rejected","invocations":1,"location":null,"numPassingAsserts":1,"retryReasons":[],"status":"passed","title":"timeline rejected"},{"ancestorTitles":[],"duration":0,"failureDetails":[],"failureMessages":[],"fullName":"timeline null","invocations":1,"location":null,"numPassingAsserts":1,"retryReasons":[],"status":"passed","title":"timeline null"},{"ancestorTitles":[],"duration":0,"failureDetails":[],"failureMessages":[],"fullName":"missing reviewed timestamp is never substituted","invocations":1,"location":null,"numPassingAsserts":1,"retryReasons":[],"status":"passed","title":"missing reviewed timestamp is never substituted"},{"ancestorTitles":[],"duration":0,"failureDetails":[],"failureMessages":[],"fullName":"pending has only Submitted complete and no fake decision","invocations":1,"location":null,"numPassingAsserts":2,"retryReasons":[],"status":"passed","title":"pending has only Submitted complete and no fake decision"},{"ancestorTitles":[],"duration":8,"failureDetails":[],"failureMessages":[],"fullName":"rejection displays the public officer remark as the rejection reason","invocations":1,"location":null,"numPassingAsserts":2,"retryReasons":[],"status":"passed","title":"rejection displays the public officer remark as the rejection reason"},{"ancestorTitles":[],"duration":2,"failureDetails":[],"failureMessages":[],"fullName":"actual earned badge (approved,70)","invocations":1,"location":null,"numPassingAsserts":2,"retryReasons":[],"status":"passed","title":"actual earned badge (approved,70)"},{"ancestorTitles":[],"duration":1,"failureDetails":[],"failureMessages":[],"fullName":"actual earned badge (approved,0)","invocations":1,"location":null,"numPassingAsserts":2,"retryReasons":[],"status":"passed","title":"actual earned badge (approved,0)"},{"ancestorTitles":[],"duration":0,"failureDetails":[],"failureMessages":[],"fullName":"actual earned badge (pending,70)","invocations":1,"location":null,"numPassingAsserts":2,"retryReasons":[],"status":"passed","title":"actual earned badge (pending,70)"},{"ancestorTitles":[],"duration":1,"failureDetails":[],"failureMessages":[],"fullName":"actual earned badge (rejected,70)","invocations":1,"location":null,"numPassingAsserts":2,"retryReasons":[],"status":"passed","title":"actual earned badge (rejected,70)"}],"endTime":1789379945284,"message":"","name":"D:\\Traffic_Eye\\src\\screens\\citizen\\__tests__\\ImageReportStatus.test.js","startTime":1789379945196,"status":"passed","summary":""},{"assertionResults":[{"ancestorTitles":[],"duration":1,"failureDetails":[],"failureMessages":[],"fullName":"src/utils/fileHash.js has no evidence or error console diagnostics","invocations":1,"location":null,"numPassingAsserts":1,"retryReasons":[],"status":"passed","title":"src/utils/fileHash.js has no evidence or error console diagnostics"},{"ancestorTitles":[],"duration":0,"failureDetails":[],"failureMessages":[],"fullName":"src/utils/exifParserCore.js has no evidence or error console diagnostics","invocations":1,"location":null,"numPassingAsserts":1,"retryReasons":[],"status":"passed","title":"src/utils/exifParserCore.js has no evidence or error console diagnostics"},{"ancestorTitles":[],"duration":1,"failureDetails":[],"failureMessages":[],"fullName":"src/utils/exifParserCoreCommonJS.js has no evidence or error console diagnostics","invocations":1,"location":null,"numPassingAsserts":1,"retryReasons":[],"status":"passed","title":"src/utils/exifParserCoreCommonJS.js has no evidence or error console diagnostics"},{"ancestorTitles":[],"duration":0,"failureDetails":[],"failureMessages":[],"fullName":"src/utils/localAuthenticity.js has no evidence or error console diagnostics","invocations":1,"location":null,"numPassingAsserts":1,"retryReasons":[],"status":"passed","title":"src/utils/localAuthenticity.js has no evidence or error console diagnostics"},{"ancestorTitles":[],"duration":0,"failureDetails":[],"failureMessages":[],"fullName":"src/components/common/ImageCropModal.js has no evidence or error console diagnostics","invocations":1,"location":null,"numPassingAsserts":1,"retryReasons":[],"status":"passed","title":"src/components/common/ImageCropModal.js has no evidence or error console diagnostics"},{"ancestorTitles":[],"duration":0,"failureDetails":[],"failureMessages":[],"fullName":"src/hooks/useImagePicker.js has no evidence or error console diagnostics","invocations":1,"location":null,"numPassingAsserts":1,"retryReasons":[],"status":"passed","title":"src/hooks/useImagePicker.js has no evidence or error console diagnostics"},{"ancestorTitles":[],"duration":1,"failureDetails":[],"failureMessages":[],"fullName":"src/hooks/useLocation.js has no evidence or error console diagnostics","invocations":1,"location":null,"numPassingAsserts":1,"retryReasons":[],"status":"passed","title":"src/hooks/useLocation.js has no evidence or error console diagnostics"},{"ancestorTitles":[],"duration":0,"failureDetails":[],"failureMessages":[],"fullName":"src/services/ai/preprocessing.js has no evidence or error console diagnostics","invocations":1,"location":null,"numPassingAsserts":1,"retryReasons":[],"status":"passed","title":"src/services/ai/preprocessing.js has no evidence or error console diagnostics"},{"ancestorTitles":[],"duration":0,"failureDetails":[],"failureMessages":[],"fullName":"src/services/ai/ruleEngine.js has no evidence or error console diagnostics","invocations":1,"location":null,"numPassingAsserts":1,"retryReasons":[],"status":"passed","title":"src/services/ai/ruleEngine.js has no evidence or error console diagnostics"}],"endTime":1789379945356,"message":"","name":"D:\\Traffic_Eye\\tests\\privacyDiagnostics.test.js","startTime":1789379945298,"status":"passed","summary":""},{"assertionResults":[{"ancestorTitles":[],"duration":44,"failureDetails":[],"failureMessages":[],"fullName":"render failure is recoverable and private (development=true)","invocations":1,"location":null,"numPassingAsserts":5,"retryReasons":[],"status":"passed","title":"render failure is recoverable and private (development=true)"},{"ancestorTitles":[],"duration":3,"failureDetails":[],"failureMessages":[],"fullName":"render failure is recoverable and private (development=false)","invocations":1,"location":null,"numPassingAsserts":6,"retryReasons":[],"status":"passed","title":"render failure is recoverable and private (development=false)"}],"endTime":1789379945486,"message":"","name":"D:\\Traffic_Eye\\src\\components\\common\\__tests__\\ErrorBoundary.test.js","startTime":1789379945362,"status":"passed","summary":""},{"assertionResults":[{"ancestorTitles":["invokeAiStageWithRetry"],"duration":1,"failureDetails":[],"failureMessages":[],"fullName":"invokeAiStageWithRetry default back-off is two retries at ~1s then ~3s","invocations":1,"location":null,"numPassingAsserts":6,"retryReasons":[],"status":"passed","title":"default back-off is two retries at ~1s then ~3s"},{"ancestorTitles":["invokeAiStageWithRetry"],"duration":1,"failureDetails":[],"failureMessages":[],"fullName":"invokeAiStageWithRetry returns the stage result on the first successful attempt (no retry, no timer)","invocations":1,"location":null,"numPassingAsserts":9,"retryReasons":[],"status":"passed","title":"returns the stage result on the first successful attempt (no retry, no timer)"},{"ancestorTitles":["invokeAiStageWithRetry"],"duration":1,"failureDetails":[],"failureMessages":[],"fullName":"invokeAiStageWithRetry retries a transient failure once and then succeeds","invocations":1,"location":null,"numPassingAsserts":9,"retryReasons":[],"status":"passed","title":"retries a transient failure once and then succeeds"},{"ancestorTitles":["invokeAiStageWithRetry"],"duration":1,"failureDetails":[],"failureMessages":[],"fullName":"invokeAiStageWithRetry backs off in order: ~1s before the 2nd attempt, ~3s before the 3rd","invocations":1,"location":null,"numPassingAsserts":11,"retryReasons":[],"status":"passed","title":"backs off in order: ~1s before the 2nd attempt, ~3s before the 3rd"},{"ancestorTitles":["invokeAiStageWithRetry"],"duration":1,"failureDetails":[],"failureMessages":[],"fullName":"invokeAiStageWithRetry exhausts exactly two retries then throws the last transient error","invocations":1,"location":null,"numPassingAsserts":8,"retryReasons":[],"status":"passed","title":"exhausts exactly two ret
[...]
8}},"12":{"start":{"line":43,"column":8},"end":{"line":43,"column":23}},"13":{"start":{"line":44,"column":8},"end":{"line":44,"column":28}},"14":{"start":{"line":45,"column":8},"end":{"line":47,"column":9}},"15":{"start":{"line":46,"column":12},"end":{"line":46,"column":57}},"16":{"start":{"line":48,"column":8},"end":{"line":48,"column":16}},"17":{"start":{"line":50,"column":20},"end":{"line":50,"column":57}},"18":{"start":{"line":50,"column":26},"end":{"line":50,"column":57}},"19":{"start":{"line":51,"column":18},"end":{"line":51,"column":55}},"20":{"start":{"line":51,"column":35},"end":{"line":51,"column":50}},"21":{"start":{"line":52,"column":4},"end":{"line":54,"column":5}},"22":{"start":{"line":53,"column":8},"end":{"line":53,"column":50}},"23":{"start":{"line":71,"column":18},"end":{"line":71,"column":19}},"24":{"start":{"line":74,"column":4},"end":{"line":93,"column":5}},"25":{"start":{"line":75,"column":8},"end":{"line":75,"column":51}},"26":{"start":{"line":75,"column":29},"end":{"line":75,"column":51}},"27":{"start":{"line":77,"column":8},"end":{"line":92,"column":9}},"28":{"start":{"line":78,"column":27},"end":{"line":78,"column":64}},"29":{"start":{"line":79,"column":12},"end":{"line":79,"column":55}},"30":{"start":{"line":79,"column":33},"end":{"line":79,"column":55}},"31":{"start":{"line":80,"column":12},"end":{"line":80,"column":26}},"32":{"start":{"line":82,"column":12},"end":{"line":82,"column":55}},"33":{"start":{"line":82,"column":33},"end":{"line":82,"column":55}},"34":{"start":{"line":83,"column":30},"end":{"line":83,"column":53}},"35":{"start":{"line":84,"column":12},"end":{"line":86,"column":13}},"36":{"start":{"line":85,"column":16},"end":{"line":85,"column":26}},"37":{"start":{"line":87,"column":26},"end":{"line":87,"column":41}},"38":{"start":{"line":88,"column":12},"end":{"line":88,"column":25}},"39":{"start":{"line":89,"column":12},"end":{"line":89,"column":69}},"40":{"start":{"line":89,"column":25},"end":{"line":89,"column":69}},"41":{"start":{"line":91,"column":12},"end":{"line":91,"column":50}}},"fnMap":{"0":{"name":"(anonymous_0)","decl":{"start":{"line":29,"column":22},"end":{"line":29,"column":23}},"loc":{"start":{"line":29,"column":28},"end":{"line":29,"column":88}},"line":29},"1":{"name":"(anonymous_1)","decl":{"start":{"line":35,"column":25},"end":{"line":35,"column":26}},"loc":{"start":{"line":35,"column":41},"end":{"line":55,"column":2}},"line":35},"2":{"name":"(anonymous_2)","decl":{"start":{"line":35,"column":53},"end":{"line":35,"column":54}},"loc":{"start":{"line":35,"column":74},"end":{"line":55,"column":1}},"line":35},"3":{"name":"(anonymous_3)","decl":{"start":{"line":41,"column":19},"end":{"line":41,"column":20}},"loc":{"start":{"line":41,"column":32},"end":{"line":49,"column":5}},"line":41},"4":{"name":"(anonymous_4)","decl":{"start":{"line":50,"column":20},"end":{"line":50,"column":21}},"loc":{"start":{"line":50,"column":26},"end":{"line":50,"column":57}},"line":50},"5":{"name":"(anonymous_5)","decl":{"start":{"line":51,"column":29},"end":{"line":51,"column":30}},"loc":{"start":{"line":51,"column":35},"end":{"line":51,"column":50}},"line":51},"6":{"name":"invokeAiStageWithRetry","decl":{"start":{"line":70,"column":22},"end":{"line":70,"column":44}},"loc":{"start":{"line":70,"column":103},"end":{"line":94,"column":1}},"line":70}},"branchMap":{"0":{"loc":{"start":{"line":36,"column":4},"end":{"line":39,"column":5}},"type":"if","locations":[{"start":{"line":36,"column":4},"end":{"line":39,"column":5}},{"start":{},"end":{}}],"line":36},"1":{"loc":{"start":{"line":42,"column":8},"end":{"line":42,"column":28}},"type":"if","locations":[{"start":{"line":42,"column":8},"end":{"line":42,"column":28}},{"start":{},"end":{}}],"line":42},"2":{"loc":{"start":{"line":45,"column":8},"end":{"line":47,"column":9}},"type":"if","locations":[{"start":{"line":45,"column":8},"end":{"line":47,"column":9}},{"start":{},"end":{}}],"line":45},"3":{"loc":{"start":{"line":45,"column":12},"end":{"line":45,"column":70}},"type":"binary-expr","locations":[{"start":{"line":45,"column":12},"end":{"line":45,"column":18}},{"start":{"line":45,"column":22},"end":{"line":45,"column":70}}],"line":45},"4":{"loc":{"start":{"line":52,"column":4},"end":{"line":54,"column":5}},"type":"if","locations":[{"start":{"line":52,"column":4},"end":{"line":54,"column":5}},{"start":{},"end":{}}],"line":52},"5":{"loc":{"start":{"line":52,"column":8},"end":{"line":52,"column":63}},"type":"binary-expr","locations":[{"start":{"line":52,"column":8},"end":{"line":52,"column":14}},{"start":{"line":52,"column":18},"end":{"line":52,"column":63}}],"line":52},"6":{"loc":{"start":{"line":70,"column":51},"end":{"line":70,"column":101}},"type":"default-arg","locations":[{"start":{"line":70,"column":99},"end":{"line":70,"column":101}}],"line":70},"7":{"loc":{"start":{"line":70,"column":61},"end":{"line":70,"column":85}},"type":"default-arg","locations":[{"start":{"line":70,"column":70},"end":{"line":70,"column":85}}],"line":70},"8":{"loc":{"start":{"line":75,"column":8},"end":{"line":75,"column":51}},"type":"if","locations":[{"start":{"line":75,"column":8},"end":{"line":75,"column":51}},{"start":{},"end":{}}],"line":75},"9":{"loc":{"start":{"line":79,"column":12},"end":{"line":79,"column":55}},"type":"if","locations":[{"start":{"line":79,"column":12},"end":{"line":79,"column":55}},{"start":{},"end":{}}],"line":79},"10":{"loc":{"start":{"line":82,"column":12},"end":{"line":82,"column":55}},"type":"if","locations":[{"start":{"line":82,"column":12},"end":{"line":82,"column":55}},{"start":{},"end":{}}],"line":82},"11":{"loc":{"start":{"line":84,"column":12},"end":{"line":86,"column":13}},"type":"if","locations":[{"start":{"line":84,"column":12},"end":{"line":86,"column":13}},{"start":{},"end":{}}],"line":84},"12":{"loc":{"start":{"line":84,"column":16},"end":{"line":84,"column":73}},"type":"binary-expr","locations":[{"start":{"line":84,"column":16},"end":{"line":84,"column":26}},{"start":{"line":84,"column":30},"end":{"line":84,"column":54}},{"start":{"line":84,"column":58},"end":{"line":84,"column":73}}],"line":84},"13":{"loc":{"start":{"line":89,"column":12},"end":{"line":89,"column":69}},"type":"if","locations":[{"start":{"line":89,"column":12},"end":{"line":89,"column":69}},{"start":{},"end":{}}],"line":89}},"s":{"0":1,"1":1,"2":5,"3":1,"4":8,"5":8,"6":1,"7":1,"8":7,"9":7,"10":7,"11":0,"12":7,"13":7,"14":7,"15":1,"16":7,"17":7,"18":1,"19":7,"20":6,"21":7,"22":1,"23":17,"24":17,"25":23,"26":1,"27":22,"28":22,"29":4,"30":1,"31":3,"32":19,"33":1,"34":18,"35":18,"36":10,"37":8,"38":8,"39":8,"40":7,"41":8},"f":{"0":5,"1":8,"2":8,"3":7,"4":1,"5":6,"6":17},"b":{"0":[1,7],"1":[0,7],"2":[1,6],"3":[7,1],"4":[1,6],"5":[7,1],"6":[1],"7":[16],"8":[1,22],"9":[1,3],"10":[1,18],"11":[10,8],"12":[18,16,8],"13":[7,1]},"_coverageSchema":"1a1c01bbd47fc00a2c39e90264f33305004495a9","hash":"a63eddd70bd4e20da9a88e4410b148d53b10a526"},"D:\\Traffic_Eye\\src\\utils\\reportCsv.js":{"path":"D:\\Traffic_Eye\\src\\utils\\reportCsv.js","statementMap":{"0":{"start":{"line":1,"column":23},"end":{"line":1,"column":41}},"1":{"start":{"line":4,"column":15},"end":{"line":4,"column":34}},"2":{"start":{"line":5,"column":4},"end":{"line":5,"column":53}},"3":{"start":{"line":5,"column":35},"end":{"line":5,"column":53}},"4":{"start":{"line":6,"column":4},"end":{"line":6,"column":43}},"5":{"start":{"line":10,"column":19},"end":{"line":10,"column":75}},"6":{"start":{"line":11,"column":17},"end":{"line":11,"column":96}},"7":{"start":{"line":11,"column":33},"end":{"line":11,"column":95}},"8":{"start":{"line":12,"column":4},"end":{"line":12,"column":109}},"9":{"start":{"line":12,"column":55},"end":{"line":12,"column":85}}},"fnMap":{"0":{"name":"csvCell","decl":{"start":{"line":3,"column":16},"end":{"line":3,"column":23}},"loc":{"start":{"line":3,"column":31},"end":{"line":7,"column":1}},"line":3},"1":{"name":"buildReportCsv","decl":{"start":{"line":9,"column":16},"end":{"line":9,"column":30}},"loc":{"start":{"line":9,"column":37},"end":{"line":13,"column":1}},"line":9},"2":{"name":"(anonymous_2)","decl":{"start":{"line":11,"column":26},"end":{"line":11,"column":27}},"loc":{"start":{"line":11,"column":33},"end":{"line":11,"column":95}},"line":11},"3":{"name":"(anonymous_3)","decl":{"start":{"line":12,"column":44},"end":{"line":12,"column":45}},"loc":{"start":{"line":12,"column":55},"end":{"line":12,"column":85}},"line":12}},"branchMap":{"0":{"loc":{"start":{"line":4,"column":22},"end":{"line":4,"column":33}},"type":"binary-expr","locations":[{"start":{"line":4,"column":22},"end":{"line":4,"column":27}},{"start":{"line":4,"column":31},"end":{"line":4,"column":33}}],"line":4},"1":{"loc":{"start":{"line":5,"column":4},"end":{"line":5,"column":53}},"type":"if","locations":[{"start":{"line":5,"column":4},"end":{"line":5,"column":53}},{"start":{},"end":{}}],"line":5}},"s":{"0":1,"1":217,"2":217,"3":5,"4":217,"5":2,"6":2,"7":51,"8":2,"9":53},"f":{"0":217,"1":2,"2":51,"3":53},"b":{"0":[217,0],"1":[5,212]},"_coverageSchema":"1a1c01bbd47fc00a2c39e90264f33305004495a9","hash":"4400c66bd18b2dd4915109a8e9d86c9c6820c275"},"D:\\Traffic_Eye\\src\\utils\\reportPdf.js":{"path":"D:\\Traffic_Eye\\src\\utils\\reportPdf.js","statementMap":{"0":{"start":{"line":3,"column":4},"end":{"line":4,"column":133}},"1":{"start":{"line":3,"column":66},"end":{"line":3,"column":89}},"2":{"start":{"line":4,"column":38},"end":{"line":4,"column":61}},"3":{"start":{"line":4,"column":100},"end":{"line":4,"column":122}},"4":{"start":{"line":7,"column":20},"end":{"line":7,"column":42}},"5":{"start":{"line":8,"column":17},"end":{"line":8,"column":50}},"6":{"start":{"line":8,"column":26},"end":{"line":8,"column":50}},"7":{"start":{"line":9,"column":17},"end":{"line":12,"column":170}},"8":{"start":{"line":11,"column":32},"end":{"line":12,"column":160}},"9":{"start":{"line":12,"column":110},"end":{"line":12,"column":140}},"10":{"start":{"line":13,"column":4},"end":{"line":13,"column":943}}},"fnMap":{"0":{"name":"reportSummary","decl":{"start":{"line":2,"column":16},"end":{"line":2,"column":29}},"loc":{"start":{"line":2,"column":39},"end":{"line":5,"column":1}},"line":2},"1":{"name":"(anonymous_1)","decl":{"start":{"line":3,"column":61},"end":{"line":3,"column":62}},"loc":{"start":{"line":3,"column":66},"end":{"line":3,"column":89}},"line":3},"2":{"name":"(anonymous_2)","decl":{"start":{"line":4,"column":33},"end":{"line":4,"column":34}},"loc":{"start":{"line":4,"column":38},"end":{"line":4,"column":61}},"line":4},"3":{"name":"(anonymous_3)","decl":{"start":{"line":4,"column":95},"end":{"line":4,"column":96}},"loc":{"start":{"line":4,"column":100},"end":{"line":4,"column":122}},"line":4},"4":{"name":"buildReportPdfHtml","decl":{"start":{"line":6,"column":16},"end":{"line":6,"column":34}},"loc":{"start":{"line":6,"column":62},"end":{"line":14,"column":1}},"line":6},"5":{"name":"(anonymous_5)","decl":{"start":{"line":8,"column":17},"end":{"line":8,"column":18}},"loc":{"start":{"line":8,"column":26},"end":{"line":8,"column":50}},"line":8},"6":{"name":"(anonymous_6)","decl":{"start":{"line":11,"column":22},"end":{"line":11,"column":23}},"loc":{"start":{"line":11,"column":32},"end":{"line":12,"column":160}},"line":11},"7":{"name":"(anonymous_7)","decl":{"start":{"line":12,"column":101},"end":{"line":12,"column":102}},"loc":{"start":{"line":12,"column":110},"end":{"line":12,"column":140}},"line":12}},"branchMap":{"0":{"loc":{"start":{"line":8,"column":37},"end":{"line":8,"column":49}},"type":"binary-expr","locations":[{"start":{"line":8,"column":37},"end":{"line":8,"column":42}},{"start":{"line":8,"column":46},"end":{"line":8,"column":49}}],"line":8},"1":{"loc":{"start":{"line":9,"column":17},"end":{"line":12,"column":170}},"type":"cond-expr","locations":[{"start":{"line":10,"column":10},"end":{"line":10,"column":87}},{"start":{"line":11,"column":10},"end":{"line":12,"column":170}}],"line":9},"2":{"loc":{"start":{"line":12,"column":8},"end":{"line":12,"column":95}},"type":"cond-expr","locations":[{"start":{"line":12,"column":30},"end":{"line":12,"column":83}},{"start":{"line":12,"column":86},"end":{"line":12,"column":95}}],"line":12}},"s":{"0":5,"1":55,"2":55,"3":55,"4":4,"5":4,"6":320,"7":4,"8":52,"9":312,"10":4},"f":{"0":5,"1":55,"2":55,"3":55,"4":4,"5":320,"6":52,"7":312},"b":{"0":[320,3],"1":[1,3],"2":[0,52]},"_coverageSchema":"1a1c01bbd47fc00a2c39e90264f33305004495a9","hash":"2c02c65aac118576d1e3bc3db5fb28d330267445"},"D:\\Traffic_Eye\\src\\services\\notifications\\lifecycle.js":{"path":"D:\\Traffic_Eye\\src\\services\\notifications\\lifecycle.js","statementMap":{"0":{"start":{"line":2,"column":137},"end":{"line":2,"column":141}},"1":{"start":{"line":3,"column":17},"end":{"line":3,"column":26}},"2":{"start":{"line":4,"column":17},"end":{"line":4,"column":21}},"3":{"start":{"line":5,"column":20},"end":{"line":13,"column":6}},"4":{"start":{"line":6,"column":20},"end":{"line":6,"column":32}},"5":{"start":{"line":7,"column":8},"end":{"line":7,"column":102}},"6":{"start":{"line":7,"column":95},"end":{"line":7,"column":102}},"7":{"start":{"line":8,"column":8},"end":{"line":8,"column":25}},"8":{"start":{"line":9,"column":8},"end":{"line":9,"column":22}},"9":{"start":{"line":10,"column":8},"end":{"line":10,"column":103}},"10":{"start":{"line":10,"column":29},"end":{"line":10,"column":103}},"11":{"start":{"line":10,"column":63},"end":{"line":10,"column":84}},"12":{"start":{"line":12,"column":8},"end":{"line":12,"column":93}},"13":{"start":{"line":12,"column":71},"end":{"line":12,"column":93}},"14":{"start":{"line":14,"column":4},"end":{"line":14,"column":108}},"15":{"start":{"line":14,"column":19},"end":{"line":14,"column":34}},"16":{"start":{"line":14,"column":35},"end":{"line":14,"column":48}},"17":{"start":{"line":14,"column":49},"end":{"line":14,"column":105}},"18":{"start":{"line":17,"column":4},"end":{"line":17,"column":65}},"19":{"start":{"line":17,"column":53},"end":{"line":17,"column":65}},"20":{"start":{"line":18,"column":20},"end":{"line":18,"column":46}},"21":{"start":{"line":19,"column":19},"end":{"line":19,"column":94}},"22":{"start":{"line":20,"column":4},"end":{"line":24,"column":6}}},"fnMap":{"0":{"name":"startNotificationSession","decl":{"start":{"line":2,"column":16},"end":{"line":2,"column":40}},"loc":{"start":{"line":2,"column":145},"end":{"line":15,"column":1}},"line":2},"1":{"name":"(anonymous_1)","decl":{"start":{"line":2,"column":131},"end":{"line":2,"column":132}},"loc":{"start":{"line":2,"column":137},"end":{"line":2,"column":141}},"line":2},"2":{"name":"(anonymous_2)","decl":{"start":{"line":5,"column":38},"end":{"line":5,"column":39}},"loc":{"start":{"line":5,"column":49},"end":{"line":11,"column":5}},"line":5},"3":{"name":"(anonymous_3)","decl":{"start":{"line":10,"column":57},"end":{"line":10,"column":58}},"loc":{"start":{"line":10,"column":63},"end":{"line":10,"column":84}},"line":10},"4":{"name":"(anonymous_4)","decl":{"start":{"line":10,"column":93},"end":{"line":10,"column":94}},"loc":{"start":{"line":10,"column":99},"end":{"line":10,"column":101}},"line":10},"5":{"name":"(anonymous_5)","decl":{"start":{"line":11,"column":7},"end":{"line":11,"column":8}},"loc":{"start":{"line":11,"column":18},"end":{"line":13,"column":5}},"line":11},"6":{"name":"(anonymous_6)","decl":{"start":{"line":14,"column":11},"end":{"line":14,"column":12}},"loc":{"start":{"line":14,"column":17},"end":{"line":14,"column":107}},"line":14},"7":{"name":"(anonymous_7)","decl":{"start":{"line":14,"column":95},"end":{"line":14,"column":96}},"loc":{"start":{"line":14,"column":101},"end":{"line":14,"column":103}},"line":14},"8":{"name":"notificationDestination","decl":{"start":{"line":16,"column":16},"end":{"line":16,"column":39}},"loc":{"start":{"line":16,"column":55},"end":{"line":25,"column":1}},"line":16}},"branchMap":{"0":{"loc":{"start":{"line":2,"column":119},"end":{"line":2,"column":141}},"type":"default-arg","locations":[{"start":{"line":2,"column":131},"end":{"line":2,"column":141}}],"line":2},"1":{"loc":{"start":{"line":7,"column":8},"end":{"line":7,"column":102}},"type":"if","locations":[{"start":{"line":7,"column":8},"end":{"line":7,"column":102}},{"start":{},"end":{}}],"line":7},"2":{"loc":{"start":{"line":7,"column":12},"end":{"line":7,"column":93}},"type":"binary-expr","locations":[{"start":{"line":7,"column":12},"end":{"line":7,"column":19}},{"start":{"line":7,"column":23},"end":{"line":7,"column":35}},{"start":{"line":7,"column":39},"end":{"line":7,"column":47}},{"start":{"line":7,"column":51},"end":{"line":7,"column":73}},{"start":{"line":7,"column":77},"end":{"line":7,"column":93}}],"line":7},"3":{"loc":{"start":{"line":10,"column":8},"end":{"line":10,"column":103}},"type":"if","locations":[{"start":{"line":10,"column":8},"end":{"line":10,"column":103}},{"start":{},"end":{}}],"line":10},"4":{"loc":{"start":{"line":10,"column":63},"end":{"line":10,"column":84}},"type":"binary-expr","locations":[{"start":{"line":10,"column":63},"end":{"line":10,"column":69}},{"start":{"line":10,"column":73},"end":{"line":10,"column":84}}],"line":10},"5":{"loc":{"start":{"line":12,"column":8},"end":{"line":12,"column":93}},"type":"if","locations":[{"start":{"line":12,"column":8},"end":{"line":12,"column":93}},{"start":{},"end":{}}],"line":12},"6":{"loc":{"start":{"line":12,"column":12},"end":{"line":12,"column":69}},"type":"binary-expr","locations":[{"start":{"line":12,"column":12},"end":{"line":12,"column":18}},{"start":{"line":12,"column":22},"end":{"line":12,"column":33}},{"start":{"line":12,"column":37},"end":{"line":12,"column":69}}],"line":12},"7":{"loc":{"start":{"line":17,"column":4},"end":{"line":17,"column":65}},"type":"if","locations":[{"start":{"line":17,"column":4},"end":{"line":17,"column":65}},{"start":{},"end":{}}],"line":17},"8":{"loc":{"start":{"line":17,"column":8},"end":{"line":17,"column":51}},"type":"binary-expr","locations":[{"start":{"line":17,"column":8},"end":{"line":17,"column":20}},{"start":{"line":17,"column":24},"end":{"line":17,"column":51}}],"line":17},"9":{"loc":{"start":{"line":19,"column":19},"end":{"line":19,"column":94}},"type":"binary-expr","locations":[{"start":{"line":19,"column":19},"end":{"line":19,"column":52}},{"start":{"line":19,"column":56},"end":{"line":19,"column":94}}],"line":19},"10":{"loc":{"start":{"line":21,"column":14},"end":{"line":21,"column":45}},"type":"cond-expr","locations":[{"start":{"line":21,"column":24},"end":{"line":21,"column":33}},{"start":{"line":21,"column":36},"end":{"line":21,"column":45}}],"line":21},"11":{"loc":{"start":{"line":22,"column":26},"end":{"line":22,"column":143}},"type":"cond-expr","locations":[{"start":{"line":22,"column":36},"end":{"line":22,"column":87}},{"start":{"line":22,"column":92},"end":{"line":22,"column":142}}],"line":22},"12":{"loc":{"start":{"line":22,"column":36},"end":{"line":22,"column":87}},"type":"cond-expr","locations":[{"start":{"line":22,"column":46},"end":{"line":22,"column":65}},{"start":{"line":22,"column":68},"end":{"line":22,"column":87}}],"line":22},"13":{"loc":{"start":{"line":22,"column":92},"end":{"line":22,"column":142}},"type":"cond-expr","locations":[{"start":{"line":22,"column":102},"end":{"line":22,"column":124}},{"start":{"line":22,"column":127},"end":{"line":22,"column":142}}],"line":22},"14":{"loc":{"start":{"line":23,"column":16},"end":{"line":23,"column":69}},"type":"cond-expr","locations":[{"start":{"line":23,"column":25},"end":{"line":23,"column":64}},{"start":{"line":23,"column":67},"end":{"line":23,"column":69}}],"line":23}},"s":{"0":7,"1":7,"2":7,"3":7,"4":10,"5":10,"6":5,"7":5,"8":5,"9":5,"10":4,"11":1,"12":1,"13":0,"14":7,"15":2,"16":2,"17":2,"18":5,"19":2,"20":3,"21":3,"22":3},"f":{"0":7,"1":7,"2":10,"3":1,"4":0,"5":1,"6":2,"7":0,"8":5},"b":{"0":[6],"1":[5,5],"2":[10,9,8,7,6],"3":[4,1],"4":[1,1],"5":[0,1],"6":[1,0,0],"7":[2,3],"8":[5,4],"9":[3,3],"10":[2,1],"11":[2,1],"12":[1,1],"13":[1,0],"14":[2,1]},"_coverageSchema":"1a1c01bbd47fc00a2c39e90264f33305004495a9","hash":"23b0f65935ebb8e9b1a82c9412c506ed48b8fc84"}}}
